Using pre-set license
Built from '2022.3/release' branch; Version is '2022.3.18f1 (d29bea25151d) revision 13802474'; Using compiler version '192829333'; Build Type 'Release'
OS: 'Windows 11  (10.0.22621) 64bit Core' Language: 'de' Physical Memory: 16226 MB
BatchMode: 1, IsHumanControllingUs: 0, StartBugReporterOnCrash: 0, Is64bit: 1, IsPro: 1

COMMAND LINE ARGUMENTS:
C:\Program Files\Unity\Hub\Editor\2022.3.18f1\Editor\Unity.exe
-adb2
-batchMode
-noUpm
-name
AssetImportWorker4
-projectPath
C:/Users/mathi/Documents/GitHub/PokerDice/PokerDice
-logFile
Logs/AssetImportWorker4.log
-srvPort
64309
Successfully changed project path to: C:/Users/mathi/Documents/GitHub/PokerDice/PokerDice
C:/Users/mathi/Documents/GitHub/PokerDice/PokerDice
[UnityMemory] Configuration Parameters - Can be set up in boot.config
    "memorysetup-bucket-allocator-granularity=16"
    "memorysetup-bucket-allocator-bucket-count=8"
    "memorysetup-bucket-allocator-block-size=33554432"
    "memorysetup-bucket-allocator-block-count=8"
    "memorysetup-main-allocator-block-size=16777216"
    "memorysetup-thread-allocator-block-size=16777216"
    "memorysetup-gfx-main-allocator-block-size=16777216"
    "memorysetup-gfx-thread-allocator-block-size=16777216"
    "memorysetup-cache-allocator-block-size=4194304"
    "memorysetup-typetree-allocator-block-size=2097152"
    "memorysetup-profiler-bucket-allocator-granularity=16"
    "memorysetup-profiler-bucket-allocator-bucket-count=8"
    "memorysetup-profiler-bucket-allocator-block-size=33554432"
    "memorysetup-profiler-bucket-allocator-block-count=8"
    "memorysetup-profiler-allocator-block-size=16777216"
    "memorysetup-profiler-editor-allocator-block-size=1048576"
    "memorysetup-temp-allocator-size-main=16777216"
    "memorysetup-job-temp-allocator-block-size=2097152"
    "memorysetup-job-temp-allocator-block-size-background=1048576"
    "memorysetup-job-temp-allocator-reduction-small-platforms=262144"
    "memorysetup-allocator-temp-initial-block-size-main=262144"
    "memorysetup-allocator-temp-initial-block-size-worker=262144"
    "memorysetup-temp-allocator-size-background-worker=32768"
    "memorysetup-temp-allocator-size-job-worker=262144"
    "memorysetup-temp-allocator-size-preload-manager=33554432"
    "memorysetup-temp-allocator-size-nav-mesh-worker=65536"
    "memorysetup-temp-allocator-size-audio-worker=65536"
    "memorysetup-temp-allocator-size-cloud-worker=32768"
    "memorysetup-temp-allocator-size-gi-baking-worker=262144"
    "memorysetup-temp-allocator-size-gfx=262144"
Player connection [33652] Host "[IP] 192.168.2.188 [Port] 0 [Flags] 2 [Guid] 1112178593 [EditorId] 1112178593 [Version] 1048832 [Id] WindowsEditor(7,PC_Mathis) [Debug] 1 [PackageName] WindowsEditor [ProjectName] Editor" joined multi-casting on [225.0.0.222:54997]...

Player connection [33652] Host "[IP] 192.168.2.188 [Port] 0 [Flags] 2 [Guid] 1112178593 [EditorId] 1112178593 [Version] 1048832 [Id] WindowsEditor(7,PC_Mathis) [Debug] 1 [PackageName] WindowsEditor [ProjectName] Editor" joined alternative multi-casting on [225.0.0.222:34997]...

[Physics::Module] Initialized MultithreadedJobDispatcher with 19 workers.
Refreshing native plugins compatible for Editor in 7.64 ms, found 3 plugins.
Preloading 0 native plugins for Editor in 0.00 ms.
Initialize engine version: 2022.3.18f1 (d29bea25151d)
[Subsystems] Discovering subsystems at path C:/Program Files/Unity/Hub/Editor/2022.3.18f1/Editor/Data/Resources/UnitySubsystems
[Subsystems] Discovering subsystems at path C:/Users/mathi/Documents/GitHub/PokerDice/PokerDice/Assets
GfxDevice: creating device client; threaded=0; jobified=0
Direct3D:
    Version:  Direct3D 11.0 [level 11.1]
    Renderer: NVIDIA GeForce RTX 3060 Ti (ID=0x2489)
    Vendor:   NVIDIA
    VRAM:     8038 MB
    Driver:   31.0.15.2849
Initialize mono
Mono path[0] = 'C:/Program Files/Unity/Hub/Editor/2022.3.18f1/Editor/Data/Managed'
Mono path[1] = 'C:/Program Files/Unity/Hub/Editor/2022.3.18f1/Editor/Data/MonoBleedingEdge/lib/mono/unityjit-win32'
Mono config path = 'C:/Program Files/Unity/Hub/Editor/2022.3.18f1/Editor/Data/MonoBleedingEdge/etc'
Using monoOptions --debugger-agent=transport=dt_socket,embedding=1,server=y,suspend=n,address=127.0.0.1:56852
Begin MonoManager ReloadAssembly
Registering precompiled unity dll's ...
Register platform support module: C:/Program Files/Unity/Hub/Editor/2022.3.18f1/Editor/Data/PlaybackEngines/WebGLSupport/UnityEditor.WebGL.Extensions.dll
Register platform support module: C:/Program Files/Unity/Hub/Editor/2022.3.18f1/Editor/Data/PlaybackEngines/WindowsStandaloneSupport/UnityEditor.WindowsStandalone.Extensions.dll
Registered in 0.009643 seconds.
- Loaded All Assemblies, in  0.276 seconds
Native extension for WindowsStandalone target not found
Native extension for WebGL target not found
Mono: successfully reloaded assembly
- Finished resetting the current domain, in  0.185 seconds
Domain Reload Profiling: 458ms
	BeginReloadAssembly (88ms)
		ExecutionOrderSort (0ms)
		DisableScriptedObjects (0ms)
		BackupInstance (0ms)
		ReleaseScriptingObjects (0ms)
		CreateAndSetChildDomain (1ms)
	RebuildCommonClasses (25ms)
	RebuildNativeTypeToScriptingClass (7ms)
	initialDomainReloadingComplete (50ms)
	LoadAllAssembliesAndSetupDomain (104ms)
		LoadAssemblies (86ms)
		RebuildTransferFunctionScriptingTraits (0ms)
		AnalyzeDomain (103ms)
			TypeCache.Refresh (102ms)
				TypeCache.ScanAssembly (91ms)
			ScanForSourceGeneratedMonoScriptInfo (0ms)
			ResolveRequiredComponents (0ms)
	FinalizeReload (185ms)
		ReleaseScriptCaches (0ms)
		RebuildScriptCaches (0ms)
		SetupLoadedEditorAssemblies (145ms)
			LogAssemblyErrors (0ms)
			InitializePlatformSupportModulesInManaged (8ms)
			SetLoadedEditorAssemblies (4ms)
			RefreshPlugins (0ms)
			BeforeProcessingInitializeOnLoad (2ms)
			ProcessInitializeOnLoadAttributes (100ms)
			ProcessInitializeOnLoadMethodAttributes (32ms)
			AfterProcessingInitializeOnLoad (0ms)
			EditorAssembliesLoaded (0ms)
		ExecutionOrderSort2 (0ms)
		AwakeInstancesAfterBackupRestoration (0ms)
========================================================================
Worker process is ready to serve import requests
Begin MonoManager ReloadAssembly
- Loaded All Assemblies, in  0.478 seconds
Refreshing native plugins compatible for Editor in 2.57 ms, found 3 plugins.
Native extension for WindowsStandalone target not found
Native extension for WebGL target not found
Package Manager log level set to [2]
[Package Manager] Server::EnsureServerProcessIsRunning -- launch failed, reason: Unity was launched with the -noUpm command-line argument
[Package Manager] UpmClient::Send -- Unable to send message (not connected to UPM process).
[Package Manager] Cannot connect to Unity Package Manager local server
Mono: successfully reloaded assembly
- Finished resetting the current domain, in  0.385 seconds
Domain Reload Profiling: 861ms
	BeginReloadAssembly (108ms)
		ExecutionOrderSort (0ms)
		DisableScriptedObjects (3ms)
		BackupInstance (0ms)
		ReleaseScriptingObjects (0ms)
		CreateAndSetChildDomain (15ms)
	RebuildCommonClasses (24ms)
	RebuildNativeTypeToScriptingClass (7ms)
	initialDomainReloadingComplete (31ms)
	LoadAllAssembliesAndSetupDomain (305ms)
		LoadAssemblies (237ms)
		RebuildTransferFunctionScriptingTraits (0ms)
		AnalyzeDomain (133ms)
			TypeCache.Refresh (119ms)
				TypeCache.ScanAssembly (107ms)
			ScanForSourceGeneratedMonoScriptInfo (10ms)
			ResolveRequiredComponents (3ms)
	FinalizeReload (385ms)
		ReleaseScriptCaches (0ms)
		RebuildScriptCaches (0ms)
		SetupLoadedEditorAssemblies (287ms)
			LogAssemblyErrors (0ms)
			InitializePlatformSupportModulesInManaged (6ms)
			SetLoadedEditorAssemblies (3ms)
			RefreshPlugins (0ms)
			BeforeProcessingInitializeOnLoad (45ms)
			ProcessInitializeOnLoadAttributes (213ms)
			ProcessInitializeOnLoadMethodAttributes (13ms)
			AfterProcessingInitializeOnLoad (7ms)
			EditorAssembliesLoaded (0ms)
		ExecutionOrderSort2 (0ms)
		AwakeInstancesAfterBackupRestoration (5ms)
Launched and connected shader compiler UnityShaderCompiler.exe after 0.03 seconds
Refreshing native plugins compatible for Editor in 2.62 ms, found 3 plugins.
Preloading 0 native plugins for Editor in 0.00 ms.
Unloading 3105 Unused Serialized files (Serialized files now loaded: 0)
Unloading 32 unused Assets / (57.1 KB). Loaded Objects now: 3567.
Memory consumption went from 129.6 MB to 129.6 MB.
Total: 2.213400 ms (FindLiveObjects: 0.149200 ms CreateObjectMapping: 0.065400 ms MarkObjects: 1.907700 ms  DeleteObjects: 0.090200 ms)

AssetImportParameters requested are different than current active one (requested -> active):
  custom:container-demuxer-ogg: 62fdf1f143b41e24485cea50d1cbac27 -> 
  custom:video-codec-MediaFoundation-h265: 746d11721c4dcdbdad8f713fa42b33f4 -> 
  custom:video-decoder-ogg-theora: a1e56fd34408186e4bbccfd4996cb3dc -> 
  custom:framework-win-MediaFoundation: 216162199b28c13a410421893ffa2e32 -> 
  custom:CustomObjectIndexerAttribute: 6d391050e5a25f67b0a2c618074f2cd9 -> 
  custom:container-demuxer-webm: 4f35f7cbe854078d1ac9338744f61a02 -> 
  custom:container-muxer-webm: aa71ff27fc2769a1b78a27578f13a17b -> 
  custom:video-decoder-webm-vp8: 9c59270c3fd7afecdb556c50c9e8de78 -> 
  custom:SearchIndexIgnoredProperties: e643bd26f0fe6173181afceb89e7c659 -> 
  custom:AudioImporter_EditorPlatform: d09bf68614088b80899f8185d706f6e7 -> 
  custom:video-encoder-webm-vp8: eb34c28f22e8b96e1ab97ce403110664 -> 
  custom:audio-decoder-ogg-vorbis: bf7c407c2cedff20999df2af8eb42d56 -> 
  custom:audio-encoder-webm-vorbis: bf7c407c2cedff20999df2af8eb42d56 -> 
========================================================================
Received Import Request.
  Time since last request: 607127.013460 seconds.
  path: Assets/UI button pack 2/Pink/01.png
  artifactKey: Guid(ba38487bd4865a748acee8ea778c61be) Importer(815301076,1909f56bfc062723c751e8b465ee728b)
Start importing Assets/UI button pack 2/Pink/01.png using Guid(ba38487bd4865a748acee8ea778c61be) Importer(815301076,1909f56bfc062723c751e8b465ee728b)  -> (artifact id: '8407f1ed89d093fa731c72af748177f9') in 0.074277 seconds
Number of updated asset objects reloaded before import = 0
Number of asset objects unloaded after import = 3
========================================================================
Received Import Request.
  Time since last request: 0.151015 seconds.
  path: Assets/UI button pack 2/Purple/1 .png
  artifactKey: Guid(8729c49357ee5ca4aa4ec45233263952) Importer(815301076,1909f56bfc062723c751e8b465ee728b)
Start importing Assets/UI button pack 2/Purple/1 .png using Guid(8729c49357ee5ca4aa4ec45233263952) Importer(815301076,1909f56bfc062723c751e8b465ee728b)  -> (artifact id: 'af4a26ff989e31b90a9ea12e5aa1740e') in 0.014937 seconds
Number of updated asset objects reloaded before import = 0
Number of asset objects unloaded after import = 3
========================================================================
Received Import Request.
  Time since last request: 0.067028 seconds.
  path: Assets/UI button pack 2/Black/1--left-black.png
  artifactKey: Guid(7250e061ca561fa47a66234b575201f7) Importer(815301076,1909f56bfc062723c751e8b465ee728b)
Start importing Assets/UI button pack 2/Black/1--left-black.png using Guid(7250e061ca561fa47a66234b575201f7) Importer(815301076,1909f56bfc062723c751e8b465ee728b)  -> (artifact id: 'f60ff554de638621ca20edda37e7e4a2') in 0.017001 seconds
Number of updated asset objects reloaded before import = 0
Number of asset objects unloaded after import = 3
========================================================================
Received Import Request.
  Time since last request: 0.770032 seconds.
  path: Assets/UI button pack 2/Black/1-black.png
  artifactKey: Guid(bc45631517550434b9bec1d24ba9a3e4) Importer(815301076,1909f56bfc062723c751e8b465ee728b)
Start importing Assets/UI button pack 2/Black/1-black.png using Guid(bc45631517550434b9bec1d24ba9a3e4) Importer(815301076,1909f56bfc062723c751e8b465ee728b)  -> (artifact id: '0714ef79379a30b43dee4a2eee5f1db8') in 0.015192 seconds
Number of updated asset objects reloaded before import = 0
Number of asset objects unloaded after import = 3
========================================================================
Received Import Request.
  Time since last request: 0.016414 seconds.
  path: Assets/UI button pack 2/brown/1-brown.png
  artifactKey: Guid(e70d4571ad200f94ab49601d5e8d0b1f) Importer(815301076,1909f56bfc062723c751e8b465ee728b)
Start importing Assets/UI button pack 2/brown/1-brown.png using Guid(e70d4571ad200f94ab49601d5e8d0b1f) Importer(815301076,1909f56bfc062723c751e8b465ee728b)  -> (artifact id: 'f5cac12538e47bd400a18a6232f86fb1') in 0.013268 seconds
Number of updated asset objects reloaded before import = 0
Number of asset objects unloaded after import = 3
========================================================================
Received Import Request.
  Time since last request: 0.308998 seconds.
  path: Assets/UI button pack 2/Pink/1-down-1.png
  artifactKey: Guid(fbe208979a40fff4d99918835e6db6b7) Importer(815301076,1909f56bfc062723c751e8b465ee728b)
Start importing Assets/UI button pack 2/Pink/1-down-1.png using Guid(fbe208979a40fff4d99918835e6db6b7) Importer(815301076,1909f56bfc062723c751e8b465ee728b)  -> (artifact id: 'f12d91e0378d81a5a88f8544dcab3efe') in 0.013727 seconds
Number of updated asset objects reloaded before import = 0
Number of asset objects unloaded after import = 3
========================================================================
Received Import Request.
  Time since last request: 0.026972 seconds.
  path: Assets/UI button pack 2/brown/1-DOWN-BROWN.png
  artifactKey: Guid(5b8b8620eb45adb49ae43c04d876cdcc) Importer(815301076,1909f56bfc062723c751e8b465ee728b)
Start importing Assets/UI button pack 2/brown/1-DOWN-BROWN.png using Guid(5b8b8620eb45adb49ae43c04d876cdcc) Importer(815301076,1909f56bfc062723c751e8b465ee728b)  -> (artifact id: '52e0186939d61726188c61957dce99dd') in 0.019023 seconds
Number of updated asset objects reloaded before import = 0
Number of asset objects unloaded after import = 3
========================================================================
Received Import Request.
  Time since last request: 0.309696 seconds.
  path: Assets/UI button pack 2/Red/1-DOWN-RED.png
  artifactKey: Guid(fca6da9ea39a849428d7f8bece14e9bb) Importer(815301076,1909f56bfc062723c751e8b465ee728b)
Start importing Assets/UI button pack 2/Red/1-DOWN-RED.png using Guid(fca6da9ea39a849428d7f8bece14e9bb) Importer(815301076,1909f56bfc062723c751e8b465ee728b)  -> (artifact id: 'ea86858e1d06f1ef73b934fc86f51100') in 0.013415 seconds
Number of updated asset objects reloaded before import = 0
Number of asset objects unloaded after import = 3
========================================================================
Received Import Request.
  Time since last request: 0.024746 seconds.
  path: Assets/UI button pack 2/Olive green/1-green.png
  artifactKey: Guid(36bf47003fd53c345bc120ca3fd20973) Importer(815301076,1909f56bfc062723c751e8b465ee728b)
Start importing Assets/UI button pack 2/Olive green/1-green.png using Guid(36bf47003fd53c345bc120ca3fd20973) Importer(815301076,1909f56bfc062723c751e8b465ee728b)  -> (artifact id: '0e98b1b15554fb58e82c58be535d58b2') in 0.012150 seconds
Number of updated asset objects reloaded before import = 0
Number of asset objects unloaded after import = 3
========================================================================
Received Import Request.
  Time since last request: 0.012398 seconds.
  path: Assets/UI button pack 2/Light Blue/1-left-2.png
  artifactKey: Guid(4d7caeb12d6c6be40b1b885769883568) Importer(815301076,1909f56bfc062723c751e8b465ee728b)
Start importing Assets/UI button pack 2/Light Blue/1-left-2.png using Guid(4d7caeb12d6c6be40b1b885769883568) Importer(815301076,1909f56bfc062723c751e8b465ee728b)  -> (artifact id: 'b8ef74f534fa034ab4d14c45394f63a1') in 0.012952 seconds
Number of updated asset objects reloaded before import = 0
Number of asset objects unloaded after import = 3
========================================================================
Received Import Request.
  Time since last request: 0.031463 seconds.
  path: Assets/UI button pack 2/brown/1-LEFT-BROWN.png
  artifactKey: Guid(4ed7396baed904349857170d864887ca) Importer(815301076,1909f56bfc062723c751e8b465ee728b)
Start importing Assets/UI button pack 2/brown/1-LEFT-BROWN.png using Guid(4ed7396baed904349857170d864887ca) Importer(815301076,1909f56bfc062723c751e8b465ee728b)  -> (artifact id: '81e1cad772956b3a91d0ecfa8aaeaf5e') in 0.011940 seconds
Number of updated asset objects reloaded before import = 0
Number of asset objects unloaded after import = 3
========================================================================
Received Import Request.
  Time since last request: 0.044879 seconds.
  path: Assets/UI button pack 2/Olive green/1-left-green.png
  artifactKey: Guid(dfbbafb3708b73c43b23fd7b9e11b020) Importer(815301076,1909f56bfc062723c751e8b465ee728b)
Start importing Assets/UI button pack 2/Olive green/1-left-green.png using Guid(dfbbafb3708b73c43b23fd7b9e11b020) Importer(815301076,1909f56bfc062723c751e8b465ee728b)  -> (artifact id: '300c8d8a3748ae84aaaa00ad6af7be50') in 0.013343 seconds
Number of updated asset objects reloaded before import = 0
Number of asset objects unloaded after import = 3
========================================================================
Received Import Request.
  Time since last request: 0.335267 seconds.
  path: Assets/UI button pack 2/Purple/1-left-pink.png
  artifactKey: Guid(81eeb8bf40012ca4b9ca55a177da19fb) Importer(815301076,1909f56bfc062723c751e8b465ee728b)
Start importing Assets/UI button pack 2/Purple/1-left-pink.png using Guid(81eeb8bf40012ca4b9ca55a177da19fb) Importer(815301076,1909f56bfc062723c751e8b465ee728b)  -> (artifact id: 'c0a71e683da008a396b2a77314107ecb') in 0.014350 seconds
Number of updated asset objects reloaded before import = 0
Number of asset objects unloaded after import = 3
========================================================================
Received Import Request.
  Time since last request: 0.021365 seconds.
  path: Assets/UI button pack 2/Red/1-LEFT-RED.png
  artifactKey: Guid(56feda6d7e3948c4aab2c1dd155d2dbc) Importer(815301076,1909f56bfc062723c751e8b465ee728b)
Start importing Assets/UI button pack 2/Red/1-LEFT-RED.png using Guid(56feda6d7e3948c4aab2c1dd155d2dbc) Importer(815301076,1909f56bfc062723c751e8b465ee728b)  -> (artifact id: '50a80c1640b48d2a88a3e16a4bc23572') in 0.013483 seconds
Number of updated asset objects reloaded before import = 0
Number of asset objects unloaded after import = 3
========================================================================
Received Import Request.
  Time since last request: 27.577090 seconds.
  path: Assets/Prefabs/Button1.prefab
  artifactKey: Guid(c5343c888b9820641b1f93b7ea8de554) Importer(815301076,1909f56bfc062723c751e8b465ee728b)
Start importing Assets/Prefabs/Button1.prefab using Guid(c5343c888b9820641b1f93b7ea8de554) Importer(815301076,1909f56bfc062723c751e8b465ee728b)  -> (artifact id: '4cf53ed2cc39608b05fe73c055179f41') in 0.032241 seconds
Number of updated asset objects reloaded before import = 0
Number of asset objects unloaded after import = 20
========================================================================
Received Prepare
Begin MonoManager ReloadAssembly
- Loaded All Assemblies, in  0.374 seconds
Refreshing native plugins compatible for Editor in 4.39 ms, found 3 plugins.
Native extension for WindowsStandalone target not found
Native extension for WebGL target not found
[Package Manager] Server::EnsureServerProcessIsRunning -- launch failed, reason: Unity was launched with the -noUpm command-line argument
[Package Manager] UpmClient::Send -- Unable to send message (not connected to UPM process).
[Package Manager] Cannot connect to Unity Package Manager local server
Mono: successfully reloaded assembly
- Finished resetting the current domain, in  0.800 seconds
Domain Reload Profiling: 1170ms
	BeginReloadAssembly (130ms)
		ExecutionOrderSort (0ms)
		DisableScriptedObjects (3ms)
		BackupInstance (0ms)
		ReleaseScriptingObjects (0ms)
		CreateAndSetChildDomain (29ms)
	RebuildCommonClasses (24ms)
	RebuildNativeTypeToScriptingClass (7ms)
	initialDomainReloadingComplete (23ms)
	LoadAllAssembliesAndSetupDomain (187ms)
		LoadAssemblies (245ms)
		RebuildTransferFunctionScriptingTraits (0ms)
		AnalyzeDomain (14ms)
			TypeCache.Refresh (7ms)
				TypeCache.ScanAssembly (0ms)
			ScanForSourceGeneratedMonoScriptInfo (0ms)
			ResolveRequiredComponents (4ms)
	FinalizeReload (800ms)
		ReleaseScriptCaches (0ms)
		RebuildScriptCaches (0ms)
		SetupLoadedEditorAssemblies (326ms)
			LogAssemblyErrors (0ms)
			InitializePlatformSupportModulesInManaged (8ms)
			SetLoadedEditorAssemblies (4ms)
			RefreshPlugins (0ms)
			BeforeProcessingInitializeOnLoad (57ms)
			ProcessInitializeOnLoadAttributes (235ms)
			ProcessInitializeOnLoadMethodAttributes (15ms)
			AfterProcessingInitializeOnLoad (8ms)
			EditorAssembliesLoaded (0ms)
		ExecutionOrderSort2 (0ms)
		AwakeInstancesAfterBackupRestoration (6ms)
Refreshing native plugins compatible for Editor in 3.34 ms, found 3 plugins.
Preloading 0 native plugins for Editor in 0.00 ms.
Unloading 3084 Unused Serialized files (Serialized files now loaded: 0)
Unloading 23 unused Assets / (31.1 KB). Loaded Objects now: 3576.
Memory consumption went from 131.4 MB to 131.3 MB.
Total: 2.169500 ms (FindLiveObjects: 0.163700 ms CreateObjectMapping: 0.076100 ms MarkObjects: 1.868400 ms  DeleteObjects: 0.060400 ms)

Prepare: number of updated asset objects reloaded= 0
AssetImportParameters requested are different than current active one (requested -> active):
  custom:container-demuxer-ogg: 62fdf1f143b41e24485cea50d1cbac27 -> 
  custom:video-codec-MediaFoundation-h265: 746d11721c4dcdbdad8f713fa42b33f4 -> 
  custom:video-decoder-ogg-theora: a1e56fd34408186e4bbccfd4996cb3dc -> 
  custom:framework-win-MediaFoundation: 216162199b28c13a410421893ffa2e32 -> 
  custom:CustomObjectIndexerAttribute: 6d391050e5a25f67b0a2c618074f2cd9 -> 
  custom:container-demuxer-webm: 4f35f7cbe854078d1ac9338744f61a02 -> 
  custom:container-muxer-webm: aa71ff27fc2769a1b78a27578f13a17b -> 
  custom:video-decoder-webm-vp8: 9c59270c3fd7afecdb556c50c9e8de78 -> 
  custom:SearchIndexIgnoredProperties: e643bd26f0fe6173181afceb89e7c659 -> 
  custom:AudioImporter_EditorPlatform: d09bf68614088b80899f8185d706f6e7 -> 
  custom:video-encoder-webm-vp8: eb34c28f22e8b96e1ab97ce403110664 -> 
  custom:audio-decoder-ogg-vorbis: bf7c407c2cedff20999df2af8eb42d56 -> 
  custom:audio-encoder-webm-vorbis: bf7c407c2cedff20999df2af8eb42d56 -> 
========================================================================
Received Import Request.
  Time since last request: 43.312812 seconds.
  path: Assets/Prefabs/Button1.prefab
  artifactKey: Guid(c5343c888b9820641b1f93b7ea8de554) Importer(815301076,1909f56bfc062723c751e8b465ee728b)
Start importing Assets/Prefabs/Button1.prefab using Guid(c5343c888b9820641b1f93b7ea8de554) Importer(815301076,1909f56bfc062723c751e8b465ee728b)  -> (artifact id: '8f6187b8dbcaf57ebad9a6c70f877de4') in 0.050149 seconds
Number of updated asset objects reloaded before import = 0
Number of asset objects unloaded after import = 20
========================================================================
Received Import Request.
  Time since last request: 9.828585 seconds.
  path: Assets/Prefabs/Button1.prefab
  artifactKey: Guid(c5343c888b9820641b1f93b7ea8de554) Importer(815301076,1909f56bfc062723c751e8b465ee728b)
Start importing Assets/Prefabs/Button1.prefab using Guid(c5343c888b9820641b1f93b7ea8de554) Importer(815301076,1909f56bfc062723c751e8b465ee728b)  -> (artifact id: '3108081606e670c15013ce837b2fed23') in 0.013490 seconds
Number of updated asset objects reloaded before import = 0
Number of asset objects unloaded after import = 20
========================================================================
Received Import Request.
  Time since last request: 10.653203 seconds.
  path: Assets/Prefabs/Button1.prefab
  artifactKey: Guid(c5343c888b9820641b1f93b7ea8de554) Importer(815301076,1909f56bfc062723c751e8b465ee728b)
Start importing Assets/Prefabs/Button1.prefab using Guid(c5343c888b9820641b1f93b7ea8de554) Importer(815301076,1909f56bfc062723c751e8b465ee728b)  -> (artifact id: '3f73dc0444b42189ded499eca970c61b') in 0.013359 seconds
Number of updated asset objects reloaded before import = 0
Number of asset objects unloaded after import = 20
========================================================================
Received Import Request.
  Time since last request: 25.852789 seconds.
  path: Assets/TextMesh Pro/Fonts
  artifactKey: Guid(6ab70aee4d56447429c680537fbf93ed) Importer(815301076,1909f56bfc062723c751e8b465ee728b)
Start importing Assets/TextMesh Pro/Fonts using Guid(6ab70aee4d56447429c680537fbf93ed) Importer(815301076,1909f56bfc062723c751e8b465ee728b)  -> (artifact id: '5b7b30d0df451c4b33610948ff48b530') in 0.001546 seconds
Number of updated asset objects reloaded before import = 0
Number of asset objects unloaded after import = 0
========================================================================
Received Import Request.
  Time since last request: 2.990984 seconds.
  path: Assets/TextMesh Pro/Fonts/LiberationSans - OFL.txt
  artifactKey: Guid(6e59c59b81ab47f9b6ec5781fa725d2c) Importer(815301076,1909f56bfc062723c751e8b465ee728b)
Start importing Assets/TextMesh Pro/Fonts/LiberationSans - OFL.txt using Guid(6e59c59b81ab47f9b6ec5781fa725d2c) Importer(815301076,1909f56bfc062723c751e8b465ee728b)  -> (artifact id: '4e50257afd81108cf7b4c5274f3189f3') in 0.000944 seconds
Number of updated asset objects reloaded before import = 0
Number of asset objects unloaded after import = 1
========================================================================
Received Import Request.
  Time since last request: 18.104269 seconds.
  path: Assets/TextMesh Pro/Resources/TMP Settings.asset
  artifactKey: Guid(3f5b5dff67a942289a9defa416b206f3) Importer(815301076,1909f56bfc062723c751e8b465ee728b)
Start importing Assets/TextMesh Pro/Resources/TMP Settings.asset using Guid(3f5b5dff67a942289a9defa416b206f3) Importer(815301076,1909f56bfc062723c751e8b465ee728b)  -> (artifact id: 'eb2fc9f1b3a04bc48beeee1031815e4c') in 0.014498 seconds
Number of updated asset objects reloaded before import = 0
Number of asset objects unloaded after import = 15
========================================================================
Received Import Request.
  Time since last request: 1.813853 seconds.
  path: Assets/TextMesh Pro/Resources/Sprite Assets/EmojiOne.asset
  artifactKey: Guid(c41005c129ba4d66911b75229fd70b45) Importer(815301076,1909f56bfc062723c751e8b465ee728b)
Start importing Assets/TextMesh Pro/Resources/Sprite Assets/EmojiOne.asset using Guid(c41005c129ba4d66911b75229fd70b45) Importer(815301076,1909f56bfc062723c751e8b465ee728b)  -> (artifact id: '35ead940c88169fe09def292d429328e') in 0.002033 seconds
Number of updated asset objects reloaded before import = 0
Number of asset objects unloaded after import = 3
========================================================================
Received Import Request.
  Time since last request: 1.303418 seconds.
  path: Assets/TextMesh Pro/Resources/Style Sheets/Default Style Sheet.asset
  artifactKey: Guid(f952c082cb03451daed3ee968ac6c63e) Importer(815301076,1909f56bfc062723c751e8b465ee728b)
Start importing Assets/TextMesh Pro/Resources/Style Sheets/Default Style Sheet.asset using Guid(f952c082cb03451daed3ee968ac6c63e) Importer(815301076,1909f56bfc062723c751e8b465ee728b)  -> (artifact id: 'fe80c178848b706fa879db830bde2b73') in 0.001112 seconds
Number of updated asset objects reloaded before import = 0
Number of asset objects unloaded after import = 1
========================================================================
Received Import Request.
  Time since last request: 1.061586 seconds.
  path: Assets/TextMesh Pro/Shaders/TMPro.cginc
  artifactKey: Guid(407bc68d299748449bbf7f48ee690f8d) Importer(815301076,1909f56bfc062723c751e8b465ee728b)
Start importing Assets/TextMesh Pro/Shaders/TMPro.cginc using Guid(407bc68d299748449bbf7f48ee690f8d) Importer(815301076,1909f56bfc062723c751e8b465ee728b)  -> (artifact id: '25d006b3457df3d12e3e98045f158847') in 0.000821 seconds
Number of updated asset objects reloaded before import = 0
Number of asset objects unloaded after import = 1
========================================================================
Received Import Request.
  Time since last request: 0.000010 seconds.
  path: Assets/TextMesh Pro/Shaders/TMPro_Properties.cginc
  artifactKey: Guid(3997e2241185407d80309a82f9148466) Importer(815301076,1909f56bfc062723c751e8b465ee728b)
Start importing Assets/TextMesh Pro/Shaders/TMPro_Properties.cginc using Guid(3997e2241185407d80309a82f9148466) Importer(815301076,1909f56bfc062723c751e8b465ee728b)  -> (artifact id: 'b32224ec4299d3ccce52dba9dd306319') in 0.000600 seconds
Number of updated asset objects reloaded before import = 0
Number of asset objects unloaded after import = 1
========================================================================
Received Import Request.
  Time since last request: 0.000009 seconds.
  path: Assets/TextMesh Pro/Shaders/TMPro_Surface.cginc
  artifactKey: Guid(d930090c0cd643c7b55f19a38538c162) Importer(815301076,1909f56bfc062723c751e8b465ee728b)
Start importing Assets/TextMesh Pro/Shaders/TMPro_Surface.cginc using Guid(d930090c0cd643c7b55f19a38538c162) Importer(815301076,1909f56bfc062723c751e8b465ee728b)  -> (artifact id: '3bcfe5eccb506a1defcff59ca8e1d25c') in 0.000549 seconds
Number of updated asset objects reloaded before import = 0
Number of asset objects unloaded after import = 1
========================================================================
Received Import Request.
  Time since last request: 0.564647 seconds.
  path: Assets/TextMesh Pro/Sprites/EmojiOne.png
  artifactKey: Guid(dffef66376be4fa480fb02b19edbe903) Importer(815301076,1909f56bfc062723c751e8b465ee728b)
Start importing Assets/TextMesh Pro/Sprites/EmojiOne.png using Guid(dffef66376be4fa480fb02b19edbe903) Importer(815301076,1909f56bfc062723c751e8b465ee728b)  -> (artifact id: '2b59135e93f21a12c73b4737297c66a0') in 0.020939 seconds
Number of updated asset objects reloaded before import = 0
Number of asset objects unloaded after import = 2
========================================================================
Received Import Request.
  Time since last request: 19.916099 seconds.
  path: Assets/Fonts/Lecompte
  artifactKey: Guid(911b086275a6b934eb9560ae3608d91c) Importer(815301076,1909f56bfc062723c751e8b465ee728b)
Start importing Assets/Fonts/Lecompte using Guid(911b086275a6b934eb9560ae3608d91c) Importer(815301076,1909f56bfc062723c751e8b465ee728b)  -> (artifact id: 'ede80ea371c678ad4c71ea4e92b4c854') in 0.000675 seconds
Number of updated asset objects reloaded before import = 0
Number of asset objects unloaded after import = 0
========================================================================
Received Import Request.
  Time since last request: 0.072705 seconds.
  path: Assets/Fonts/Lecompte/Lecompte.fontsettings
  artifactKey: Guid(0402b43dea76a434ab34e34eb05c5f50) Importer(815301076,1909f56bfc062723c751e8b465ee728b)
Start importing Assets/Fonts/Lecompte/Lecompte.fontsettings using Guid(0402b43dea76a434ab34e34eb05c5f50) Importer(815301076,1909f56bfc062723c751e8b465ee728b)  -> (artifact id: '261ec695d911d029f2ff9f6aa23b081d') in 0.065446 seconds
Number of updated asset objects reloaded before import = 0
Number of asset objects unloaded after import = 3
========================================================================
Received Import Request.
  Time since last request: 0.000231 seconds.
  path: Assets/Fonts/Lecompte/README.jpg
  artifactKey: Guid(8a5dbd9ae01a698428ef7c8867d796ca) Importer(815301076,1909f56bfc062723c751e8b465ee728b)
Start importing Assets/Fonts/Lecompte/README.jpg using Guid(8a5dbd9ae01a698428ef7c8867d796ca) Importer(815301076,1909f56bfc062723c751e8b465ee728b)  -> (artifact id: 'bbc04b799ae272128bafd1e3e8ecfe9d') in 0.020613 seconds
Number of updated asset objects reloaded before import = 0
Number of asset objects unloaded after import = 2
========================================================================
Received Import Request.
  Time since last request: 66.224660 seconds.
  path: Assets/Fonts/Lecompte/media/fb.jpg
  artifactKey: Guid(bb3242296871ecf44b216c2ebbe4a314) Importer(815301076,1909f56bfc062723c751e8b465ee728b)
Start importing Assets/Fonts/Lecompte/media/fb.jpg using Guid(bb3242296871ecf44b216c2ebbe4a314) Importer(815301076,1909f56bfc062723c751e8b465ee728b)  -> (artifact id: '70f98c9315feb099ae2495c30af31999') in 0.030909 seconds
Number of updated asset objects reloaded before import = 0
Number of asset objects unloaded after import = 2
========================================================================
Received Import Request.
  Time since last request: 0.000012 seconds.
  path: Assets/Fonts/Lecompte/media/screenshot.jpg
  artifactKey: Guid(c47a8724e775ef2409aa708f85df12d6) Importer(815301076,1909f56bfc062723c751e8b465ee728b)
Start importing Assets/Fonts/Lecompte/media/screenshot.jpg using Guid(c47a8724e775ef2409aa708f85df12d6) Importer(815301076,1909f56bfc062723c751e8b465ee728b)  -> (artifact id: '43a085906d568f41874f96570264b4a5') in 0.066281 seconds
Number of updated asset objects reloaded before import = 0
Number of asset objects unloaded after import = 2
========================================================================
Received Import Request.
  Time since last request: 4.625858 seconds.
  path: Assets/Fonts/Lecompte/raw/Lecompte PSD.psd
  artifactKey: Guid(50e6e2bc5c2e2144faa790a70120f3c4) Importer(815301076,1909f56bfc062723c751e8b465ee728b)
Start importing Assets/Fonts/Lecompte/raw/Lecompte PSD.psd using Guid(50e6e2bc5c2e2144faa790a70120f3c4) Importer(815301076,1909f56bfc062723c751e8b465ee728b)  -> (artifact id: '8d8f7865ec07edfb10de1b7abcdc1f2b') in 0.019556 seconds
Number of updated asset objects reloaded before import = 0
Number of asset objects unloaded after import = 2
========================================================================
Received Import Request.
  Time since last request: 342.062914 seconds.
  path: Assets/Fonts/Lecompte/Lecompte.fnt
  artifactKey: Guid(6791d06fc04765a41a1a66875fcf1c80) Importer(815301076,1909f56bfc062723c751e8b465ee728b)
Start importing Assets/Fonts/Lecompte/Lecompte.fnt using Guid(6791d06fc04765a41a1a66875fcf1c80) Importer(815301076,1909f56bfc062723c751e8b465ee728b)  -> (artifact id: 'e147922c4c8eeaff715317cea3e0c6cd') in 0.001460 seconds
Number of updated asset objects reloaded before import = 0
Number of asset objects unloaded after import = 1
========================================================================
Received Import Request.
  Time since last request: 41.191842 seconds.
  path: Assets/Fonts/Lecompte/raw
  artifactKey: Guid(6522c9ac16524e54e800e24cd1f4043e) Importer(815301076,1909f56bfc062723c751e8b465ee728b)
Start importing Assets/Fonts/Lecompte/raw using Guid(6522c9ac16524e54e800e24cd1f4043e) Importer(815301076,1909f56bfc062723c751e8b465ee728b)  -> (artifact id: '3ff08c0aed051442da63256e462009f3') in 0.000445 seconds
Number of updated asset objects reloaded before import = 0
Number of asset objects unloaded after import = 0
========================================================================
Received Import Request.
  Time since last request: 4.409761 seconds.
  path: Assets/Fonts/Lecompte/raw/Lecompte_config.bmfc
  artifactKey: Guid(44ec2accfe2b1e44fb29e8e8d1c9307b) Importer(815301076,1909f56bfc062723c751e8b465ee728b)
Start importing Assets/Fonts/Lecompte/raw/Lecompte_config.bmfc using Guid(44ec2accfe2b1e44fb29e8e8d1c9307b) Importer(815301076,1909f56bfc062723c751e8b465ee728b)  -> (artifact id: 'c782ae0e827e8bb410eb58576d752c27') in 0.000775 seconds
Number of updated asset objects reloaded before import = 0
Number of asset objects unloaded after import = 1
========================================================================
Received Import Request.
  Time since last request: 5.575071 seconds.
  path: Assets/Fonts/Lecompte/media
  artifactKey: Guid(d1be6d771bc62c749908ad426d27fb02) Importer(815301076,1909f56bfc062723c751e8b465ee728b)
Start importing Assets/Fonts/Lecompte/media using Guid(d1be6d771bc62c749908ad426d27fb02) Importer(815301076,1909f56bfc062723c751e8b465ee728b)  -> (artifact id: '2ebf0f1f56a4fd9cb6fd5adcb5c31ad9') in 0.000456 seconds
Number of updated asset objects reloaded before import = 0
Number of asset objects unloaded after import = 0
========================================================================
Received Prepare
Begin MonoManager ReloadAssembly
- Loaded All Assemblies, in  0.384 seconds
Refreshing native plugins compatible for Editor in 2.89 ms, found 3 plugins.
Native extension for WindowsStandalone target not found
Native extension for WebGL target not found
[Package Manager] Server::EnsureServerProcessIsRunning -- launch failed, reason: Unity was launched with the -noUpm command-line argument
[Package Manager] UpmClient::Send -- Unable to send message (not connected to UPM process).
[Package Manager] Cannot connect to Unity Package Manager local server
Mono: successfully reloaded assembly
- Finished resetting the current domain, in  0.733 seconds
Domain Reload Profiling: 1115ms
	BeginReloadAssembly (125ms)
		ExecutionOrderSort (0ms)
		DisableScriptedObjects (3ms)
		BackupInstance (0ms)
		ReleaseScriptingObjects (0ms)
		CreateAndSetChildDomain (31ms)
	RebuildCommonClasses (23ms)
	RebuildNativeTypeToScriptingClass (7ms)
	initialDomainReloadingComplete (25ms)
	LoadAllAssembliesAndSetupDomain (201ms)
		LoadAssemblies (257ms)
		RebuildTransferFunctionScriptingTraits (0ms)
		AnalyzeDomain (10ms)
			TypeCache.Refresh (5ms)
				TypeCache.ScanAssembly (0ms)
			ScanForSourceGeneratedMonoScriptInfo (0ms)
			ResolveRequiredComponents (3ms)
	FinalizeReload (734ms)
		ReleaseScriptCaches (0ms)
		RebuildScriptCaches (0ms)
		SetupLoadedEditorAssemblies (310ms)
			LogAssemblyErrors (0ms)
			InitializePlatformSupportModulesInManaged (9ms)
			SetLoadedEditorAssemblies (4ms)
			RefreshPlugins (0ms)
			BeforeProcessingInitializeOnLoad (50ms)
			ProcessInitializeOnLoadAttributes (222ms)
			ProcessInitializeOnLoadMethodAttributes (16ms)
			AfterProcessingInitializeOnLoad (7ms)
			EditorAssembliesLoaded (0ms)
		ExecutionOrderSort2 (0ms)
		AwakeInstancesAfterBackupRestoration (5ms)
Refreshing native plugins compatible for Editor in 2.85 ms, found 3 plugins.
Preloading 0 native plugins for Editor in 0.00 ms.
Unloading 3084 Unused Serialized files (Serialized files now loaded: 0)
Unloading 23 unused Assets / (31.1 KB). Loaded Objects now: 3617.
Memory consumption went from 133.6 MB to 133.5 MB.
Total: 2.146300 ms (FindLiveObjects: 0.204200 ms CreateObjectMapping: 0.076600 ms MarkObjects: 1.830300 ms  DeleteObjects: 0.034300 ms)

Prepare: number of updated asset objects reloaded= 0
AssetImportParameters requested are different than current active one (requested -> active):
  custom:container-demuxer-ogg: 62fdf1f143b41e24485cea50d1cbac27 -> 
  custom:video-codec-MediaFoundation-h265: 746d11721c4dcdbdad8f713fa42b33f4 -> 
  custom:video-decoder-ogg-theora: a1e56fd34408186e4bbccfd4996cb3dc -> 
  custom:framework-win-MediaFoundation: 216162199b28c13a410421893ffa2e32 -> 
  custom:CustomObjectIndexerAttribute: 6d391050e5a25f67b0a2c618074f2cd9 -> 
  custom:container-demuxer-webm: 4f35f7cbe854078d1ac9338744f61a02 -> 
  custom:container-muxer-webm: aa71ff27fc2769a1b78a27578f13a17b -> 
  custom:video-decoder-webm-vp8: 9c59270c3fd7afecdb556c50c9e8de78 -> 
  custom:SearchIndexIgnoredProperties: e643bd26f0fe6173181afceb89e7c659 -> 
  custom:AudioImporter_EditorPlatform: d09bf68614088b80899f8185d706f6e7 -> 
  custom:video-encoder-webm-vp8: eb34c28f22e8b96e1ab97ce403110664 -> 
  custom:audio-decoder-ogg-vorbis: bf7c407c2cedff20999df2af8eb42d56 -> 
  custom:audio-encoder-webm-vorbis: bf7c407c2cedff20999df2af8eb42d56 -> 
