Using pre-set license
Built from '2022.3/release' branch; Version is '2022.3.18f1 (d29bea25151d) revision 13802474'; Using compiler version '192829333'; Build Type 'Release'
OS: 'Windows 11  (10.0.22621) 64bit Core' Language: 'de' Physical Memory: 16226 MB
BatchMode: 1, IsHumanControllingUs: 0, StartBugReporterOnCrash: 0, Is64bit: 1, IsPro: 1

COMMAND LINE ARGUMENTS:
C:\Program Files\Unity\Hub\Editor\2022.3.18f1\Editor\Unity.exe
-adb2
-batchMode
-noUpm
-name
AssetImportWorker0
-projectPath
C:/Users/mathi/Documents/GitHub/PokerDice/PokerDice
-logFile
Logs/AssetImportWorker0.log
-srvPort
64309
Successfully changed project path to: C:/Users/mathi/Documents/GitHub/PokerDice/PokerDice
C:/Users/mathi/Documents/GitHub/PokerDice/PokerDice
[UnityMemory] Configuration Parameters - Can be set up in boot.config
    "memorysetup-bucket-allocator-granularity=16"
    "memorysetup-bucket-allocator-bucket-count=8"
    "memorysetup-bucket-allocator-block-size=33554432"
    "memorysetup-bucket-allocator-block-count=8"
    "memorysetup-main-allocator-block-size=16777216"
    "memorysetup-thread-allocator-block-size=16777216"
    "memorysetup-gfx-main-allocator-block-size=16777216"
    "memorysetup-gfx-thread-allocator-block-size=16777216"
    "memorysetup-cache-allocator-block-size=4194304"
    "memorysetup-typetree-allocator-block-size=2097152"
    "memorysetup-profiler-bucket-allocator-granularity=16"
    "memorysetup-profiler-bucket-allocator-bucket-count=8"
    "memorysetup-profiler-bucket-allocator-block-size=33554432"
    "memorysetup-profiler-bucket-allocator-block-count=8"
    "memorysetup-profiler-allocator-block-size=16777216"
    "memorysetup-profiler-editor-allocator-block-size=1048576"
    "memorysetup-temp-allocator-size-main=16777216"
    "memorysetup-job-temp-allocator-block-size=2097152"
    "memorysetup-job-temp-allocator-block-size-background=1048576"
    "memorysetup-job-temp-allocator-reduction-small-platforms=262144"
    "memorysetup-allocator-temp-initial-block-size-main=262144"
    "memorysetup-allocator-temp-initial-block-size-worker=262144"
    "memorysetup-temp-allocator-size-background-worker=32768"
    "memorysetup-temp-allocator-size-job-worker=262144"
    "memorysetup-temp-allocator-size-preload-manager=33554432"
    "memorysetup-temp-allocator-size-nav-mesh-worker=65536"
    "memorysetup-temp-allocator-size-audio-worker=65536"
    "memorysetup-temp-allocator-size-cloud-worker=32768"
    "memorysetup-temp-allocator-size-gi-baking-worker=262144"
    "memorysetup-temp-allocator-size-gfx=262144"
Player connection [33728] Host "[IP] 192.168.2.188 [Port] 0 [Flags] 2 [Guid] 3151592896 [EditorId] 3151592896 [Version] 1048832 [Id] WindowsEditor(7,PC_Mathis) [Debug] 1 [PackageName] WindowsEditor [ProjectName] Editor" joined multi-casting on [225.0.0.222:54997]...

Player connection [33728] Host "[IP] 192.168.2.188 [Port] 0 [Flags] 2 [Guid] 3151592896 [EditorId] 3151592896 [Version] 1048832 [Id] WindowsEditor(7,PC_Mathis) [Debug] 1 [PackageName] WindowsEditor [ProjectName] Editor" joined alternative multi-casting on [225.0.0.222:34997]...

[Physics::Module] Initialized MultithreadedJobDispatcher with 19 workers.
Refreshing native plugins compatible for Editor in 8.44 ms, found 3 plugins.
Preloading 0 native plugins for Editor in 0.00 ms.
Initialize engine version: 2022.3.18f1 (d29bea25151d)
[Subsystems] Discovering subsystems at path C:/Program Files/Unity/Hub/Editor/2022.3.18f1/Editor/Data/Resources/UnitySubsystems
[Subsystems] Discovering subsystems at path C:/Users/mathi/Documents/GitHub/PokerDice/PokerDice/Assets
GfxDevice: creating device client; threaded=0; jobified=0
Direct3D:
    Version:  Direct3D 11.0 [level 11.1]
    Renderer: NVIDIA GeForce RTX 3060 Ti (ID=0x2489)
    Vendor:   NVIDIA
    VRAM:     8038 MB
    Driver:   31.0.15.2849
Initialize mono
Mono path[0] = 'C:/Program Files/Unity/Hub/Editor/2022.3.18f1/Editor/Data/Managed'
Mono path[1] = 'C:/Program Files/Unity/Hub/Editor/2022.3.18f1/Editor/Data/MonoBleedingEdge/lib/mono/unityjit-win32'
Mono config path = 'C:/Program Files/Unity/Hub/Editor/2022.3.18f1/Editor/Data/MonoBleedingEdge/etc'
Using monoOptions --debugger-agent=transport=dt_socket,embedding=1,server=y,suspend=n,address=127.0.0.1:56312
Begin MonoManager ReloadAssembly
Registering precompiled unity dll's ...
Register platform support module: C:/Program Files/Unity/Hub/Editor/2022.3.18f1/Editor/Data/PlaybackEngines/WebGLSupport/UnityEditor.WebGL.Extensions.dll
Register platform support module: C:/Program Files/Unity/Hub/Editor/2022.3.18f1/Editor/Data/PlaybackEngines/WindowsStandaloneSupport/UnityEditor.WindowsStandalone.Extensions.dll
Registered in 0.010971 seconds.
- Loaded All Assemblies, in  0.276 seconds
Native extension for WindowsStandalone target not found
Native extension for WebGL target not found
Mono: successfully reloaded assembly
- Finished resetting the current domain, in  0.198 seconds
Domain Reload Profiling: 472ms
	BeginReloadAssembly (89ms)
		ExecutionOrderSort (0ms)
		DisableScriptedObjects (0ms)
		BackupInstance (0ms)
		ReleaseScriptingObjects (0ms)
		CreateAndSetChildDomain (1ms)
	RebuildCommonClasses (24ms)
	RebuildNativeTypeToScriptingClass (7ms)
	initialDomainReloadingComplete (51ms)
	LoadAllAssembliesAndSetupDomain (102ms)
		LoadAssemblies (87ms)
		RebuildTransferFunctionScriptingTraits (0ms)
		AnalyzeDomain (100ms)
			TypeCache.Refresh (99ms)
				TypeCache.ScanAssembly (89ms)
			ScanForSourceGeneratedMonoScriptInfo (0ms)
			ResolveRequiredComponents (0ms)
	FinalizeReload (198ms)
		ReleaseScriptCaches (0ms)
		RebuildScriptCaches (0ms)
		SetupLoadedEditorAssemblies (156ms)
			LogAssemblyErrors (0ms)
			InitializePlatformSupportModulesInManaged (9ms)
			SetLoadedEditorAssemblies (4ms)
			RefreshPlugins (0ms)
			BeforeProcessingInitializeOnLoad (2ms)
			ProcessInitializeOnLoadAttributes (106ms)
			ProcessInitializeOnLoadMethodAttributes (36ms)
			AfterProcessingInitializeOnLoad (0ms)
			EditorAssembliesLoaded (0ms)
		ExecutionOrderSort2 (0ms)
		AwakeInstancesAfterBackupRestoration (0ms)
========================================================================
Worker process is ready to serve import requests
Begin MonoManager ReloadAssembly
- Loaded All Assemblies, in  0.500 seconds
Refreshing native plugins compatible for Editor in 2.98 ms, found 3 plugins.
Native extension for WindowsStandalone target not found
Native extension for WebGL target not found
Package Manager log level set to [2]
[Package Manager] Server::EnsureServerProcessIsRunning -- launch failed, reason: Unity was launched with the -noUpm command-line argument
[Package Manager] UpmClient::Send -- Unable to send message (not connected to UPM process).
[Package Manager] Cannot connect to Unity Package Manager local server
Mono: successfully reloaded assembly
- Finished resetting the current domain, in  0.417 seconds
Domain Reload Profiling: 914ms
	BeginReloadAssembly (115ms)
		ExecutionOrderSort (0ms)
		DisableScriptedObjects (3ms)
		BackupInstance (0ms)
		ReleaseScriptingObjects (0ms)
		CreateAndSetChildDomain (17ms)
	RebuildCommonClasses (23ms)
	RebuildNativeTypeToScriptingClass (8ms)
	initialDomainReloadingComplete (34ms)
	LoadAllAssembliesAndSetupDomain (315ms)
		LoadAssemblies (259ms)
		RebuildTransferFunctionScriptingTraits (0ms)
		AnalyzeDomain (124ms)
			TypeCache.Refresh (109ms)
				TypeCache.ScanAssembly (97ms)
			ScanForSourceGeneratedMonoScriptInfo (10ms)
			ResolveRequiredComponents (3ms)
	FinalizeReload (418ms)
		ReleaseScriptCaches (0ms)
		RebuildScriptCaches (0ms)
		SetupLoadedEditorAssemblies (306ms)
			LogAssemblyErrors (0ms)
			InitializePlatformSupportModulesInManaged (6ms)
			SetLoadedEditorAssemblies (3ms)
			RefreshPlugins (0ms)
			BeforeProcessingInitializeOnLoad (49ms)
			ProcessInitializeOnLoadAttributes (225ms)
			ProcessInitializeOnLoadMethodAttributes (15ms)
			AfterProcessingInitializeOnLoad (7ms)
			EditorAssembliesLoaded (0ms)
		ExecutionOrderSort2 (0ms)
		AwakeInstancesAfterBackupRestoration (5ms)
Launched and connected shader compiler UnityShaderCompiler.exe after 0.03 seconds
Refreshing native plugins compatible for Editor in 3.31 ms, found 3 plugins.
Preloading 0 native plugins for Editor in 0.00 ms.
Unloading 3104 Unused Serialized files (Serialized files now loaded: 0)
Unloading 32 unused Assets / (57.0 KB). Loaded Objects now: 3566.
Memory consumption went from 127.1 MB to 127.1 MB.
Total: 2.158000 ms (FindLiveObjects: 0.168500 ms CreateObjectMapping: 0.063000 ms MarkObjects: 1.848100 ms  DeleteObjects: 0.077600 ms)

AssetImportParameters requested are different than current active one (requested -> active):
  custom:container-demuxer-ogg: 62fdf1f143b41e24485cea50d1cbac27 -> 
  custom:video-codec-MediaFoundation-h265: 746d11721c4dcdbdad8f713fa42b33f4 -> 
  custom:video-decoder-ogg-theora: a1e56fd34408186e4bbccfd4996cb3dc -> 
  custom:framework-win-MediaFoundation: 216162199b28c13a410421893ffa2e32 -> 
  custom:CustomObjectIndexerAttribute: 6d391050e5a25f67b0a2c618074f2cd9 -> 
  custom:container-demuxer-webm: 4f35f7cbe854078d1ac9338744f61a02 -> 
  custom:container-muxer-webm: aa71ff27fc2769a1b78a27578f13a17b -> 
  custom:video-decoder-webm-vp8: 9c59270c3fd7afecdb556c50c9e8de78 -> 
  custom:SearchIndexIgnoredProperties: e643bd26f0fe6173181afceb89e7c659 -> 
  custom:AudioImporter_EditorPlatform: d09bf68614088b80899f8185d706f6e7 -> 
  custom:video-encoder-webm-vp8: eb34c28f22e8b96e1ab97ce403110664 -> 
  custom:audio-decoder-ogg-vorbis: bf7c407c2cedff20999df2af8eb42d56 -> 
  custom:audio-encoder-webm-vorbis: bf7c407c2cedff20999df2af8eb42d56 -> 
========================================================================
Received Import Request.
  Time since last request: 605300.648372 seconds.
  path: Assets/TextMesh Pro/Resources/Fonts & Materials/LiberationSans SDF - Outline.mat
  artifactKey: Guid(79459efec17a4d00a321bdcc27bbc385) Importer(815301076,1909f56bfc062723c751e8b465ee728b)
Start importing Assets/TextMesh Pro/Resources/Fonts & Materials/LiberationSans SDF - Outline.mat using Guid(79459efec17a4d00a321bdcc27bbc385) Importer(815301076,1909f56bfc062723c751e8b465ee728b)  -> (artifact id: '8dea8ed0bfc26b38a6cd3b0fa2dc1770') in 0.116208 seconds
Number of updated asset objects reloaded before import = 0
Number of asset objects unloaded after import = 2
========================================================================
Received Import Request.
  Time since last request: 0.000042 seconds.
  path: Assets/TextMesh Pro/Resources/Fonts & Materials/LiberationSans SDF.asset
  artifactKey: Guid(8f586378b4e144a9851e7b34d9b748ee) Importer(815301076,1909f56bfc062723c751e8b465ee728b)
Start importing Assets/TextMesh Pro/Resources/Fonts & Materials/LiberationSans SDF.asset using Guid(8f586378b4e144a9851e7b34d9b748ee) Importer(815301076,1909f56bfc062723c751e8b465ee728b)  -> (artifact id: 'c5752acbe5ecb5e9a3ac9067f3aa06e5') in 0.034197 seconds
Number of updated asset objects reloaded before import = 0
Number of asset objects unloaded after import = 9
========================================================================
Received Prepare
Begin MonoManager ReloadAssembly
- Loaded All Assemblies, in  0.355 seconds
Refreshing native plugins compatible for Editor in 2.94 ms, found 3 plugins.
Native extension for WindowsStandalone target not found
Native extension for WebGL target not found
[Package Manager] Server::EnsureServerProcessIsRunning -- launch failed, reason: Unity was launched with the -noUpm command-line argument
[Package Manager] UpmClient::Send -- Unable to send message (not connected to UPM process).
[Package Manager] Cannot connect to Unity Package Manager local server
Mono: successfully reloaded assembly
- Finished resetting the current domain, in  0.762 seconds
Domain Reload Profiling: 1114ms
	BeginReloadAssembly (121ms)
		ExecutionOrderSort (0ms)
		DisableScriptedObjects (3ms)
		BackupInstance (0ms)
		ReleaseScriptingObjects (0ms)
		CreateAndSetChildDomain (26ms)
	RebuildCommonClasses (22ms)
	RebuildNativeTypeToScriptingClass (7ms)
	initialDomainReloadingComplete (25ms)
	LoadAllAssembliesAndSetupDomain (177ms)
		LoadAssemblies (233ms)
		RebuildTransferFunctionScriptingTraits (0ms)
		AnalyzeDomain (9ms)
			TypeCache.Refresh (5ms)
				TypeCache.ScanAssembly (0ms)
			ScanForSourceGeneratedMonoScriptInfo (0ms)
			ResolveRequiredComponents (3ms)
	FinalizeReload (762ms)
		ReleaseScriptCaches (0ms)
		RebuildScriptCaches (0ms)
		SetupLoadedEditorAssemblies (321ms)
			LogAssemblyErrors (0ms)
			InitializePlatformSupportModulesInManaged (7ms)
			SetLoadedEditorAssemblies (3ms)
			RefreshPlugins (0ms)
			BeforeProcessingInitializeOnLoad (52ms)
			ProcessInitializeOnLoadAttributes (234ms)
			ProcessInitializeOnLoadMethodAttributes (16ms)
			AfterProcessingInitializeOnLoad (8ms)
			EditorAssembliesLoaded (0ms)
		ExecutionOrderSort2 (0ms)
		AwakeInstancesAfterBackupRestoration (6ms)
Refreshing native plugins compatible for Editor in 3.66 ms, found 3 plugins.
Preloading 0 native plugins for Editor in 0.00 ms.
Unloading 3083 Unused Serialized files (Serialized files now loaded: 0)
Unloading 23 unused Assets / (31.1 KB). Loaded Objects now: 3612.
Memory consumption went from 129.6 MB to 129.5 MB.
Total: 2.195500 ms (FindLiveObjects: 0.188700 ms CreateObjectMapping: 0.082200 ms MarkObjects: 1.883700 ms  DeleteObjects: 0.039600 ms)

Prepare: number of updated asset objects reloaded= 0
AssetImportParameters requested are different than current active one (requested -> active):
  custom:container-demuxer-ogg: 62fdf1f143b41e24485cea50d1cbac27 -> 
  custom:video-codec-MediaFoundation-h265: 746d11721c4dcdbdad8f713fa42b33f4 -> 
  custom:video-decoder-ogg-theora: a1e56fd34408186e4bbccfd4996cb3dc -> 
  custom:framework-win-MediaFoundation: 216162199b28c13a410421893ffa2e32 -> 
  custom:CustomObjectIndexerAttribute: 6d391050e5a25f67b0a2c618074f2cd9 -> 
  custom:container-demuxer-webm: 4f35f7cbe854078d1ac9338744f61a02 -> 
  custom:container-muxer-webm: aa71ff27fc2769a1b78a27578f13a17b -> 
  custom:video-decoder-webm-vp8: 9c59270c3fd7afecdb556c50c9e8de78 -> 
  custom:SearchIndexIgnoredProperties: e643bd26f0fe6173181afceb89e7c659 -> 
  custom:AudioImporter_EditorPlatform: d09bf68614088b80899f8185d706f6e7 -> 
  custom:video-encoder-webm-vp8: eb34c28f22e8b96e1ab97ce403110664 -> 
  custom:audio-decoder-ogg-vorbis: bf7c407c2cedff20999df2af8eb42d56 -> 
  custom:audio-encoder-webm-vorbis: bf7c407c2cedff20999df2af8eb42d56 -> 
========================================================================
Received Import Request.
  Time since last request: 1042.436909 seconds.
  path: Assets
  artifactKey: Guid(00000000000000001000000000000000) Importer(815301076,1909f56bfc062723c751e8b465ee728b)
Start importing Assets using Guid(00000000000000001000000000000000) Importer(815301076,1909f56bfc062723c751e8b465ee728b)  -> (artifact id: '8a4fe85251aa2e89732c359432baa2c3') in 0.002929 seconds
Number of updated asset objects reloaded before import = 0
Number of asset objects unloaded after import = 0
========================================================================
Received Import Request.
  Time since last request: 15.201318 seconds.
  path: Assets/Prefabs
  artifactKey: Guid(2b265a2a75d20564985b1743ce51cfb2) Importer(815301076,1909f56bfc062723c751e8b465ee728b)
Start importing Assets/Prefabs using Guid(2b265a2a75d20564985b1743ce51cfb2) Importer(815301076,1909f56bfc062723c751e8b465ee728b)  -> (artifact id: 'ae7551467048fe2612c93c97ba33c90a') in 0.000849 seconds
Number of updated asset objects reloaded before import = 0
Number of asset objects unloaded after import = 0
========================================================================
Received Import Request.
  Time since last request: 11.820523 seconds.
  path: Assets/Prefabs/Button1.prefab
  artifactKey: Guid(c5343c888b9820641b1f93b7ea8de554) Importer(815301076,1909f56bfc062723c751e8b465ee728b)
Start importing Assets/Prefabs/Button1.prefab using Guid(c5343c888b9820641b1f93b7ea8de554) Importer(815301076,1909f56bfc062723c751e8b465ee728b)  -> (artifact id: '0ca014eca95b354c1808034b01f1de2d') in 0.044665 seconds
Number of updated asset objects reloaded before import = 0
Number of asset objects unloaded after import = 19
========================================================================
Received Import Request.
  Time since last request: 32.862422 seconds.
  path: Assets/Prefabs/Button1.prefab
  artifactKey: Guid(c5343c888b9820641b1f93b7ea8de554) Importer(815301076,1909f56bfc062723c751e8b465ee728b)
Start importing Assets/Prefabs/Button1.prefab using Guid(c5343c888b9820641b1f93b7ea8de554) Importer(815301076,1909f56bfc062723c751e8b465ee728b)  -> (artifact id: 'fb4893a346d73bb4392afb06bedf2d0f') in 0.014441 seconds
Number of updated asset objects reloaded before import = 0
Number of asset objects unloaded after import = 19
========================================================================
Received Import Request.
  Time since last request: 4.413964 seconds.
  path: Assets/Prefabs/Button1.prefab
  artifactKey: Guid(c5343c888b9820641b1f93b7ea8de554) Importer(815301076,1909f56bfc062723c751e8b465ee728b)
Start importing Assets/Prefabs/Button1.prefab using Guid(c5343c888b9820641b1f93b7ea8de554) Importer(815301076,1909f56bfc062723c751e8b465ee728b)  -> (artifact id: 'a21187ce2dea3d9dac7bff996ace40f7') in 0.011681 seconds
Number of updated asset objects reloaded before import = 0
Number of asset objects unloaded after import = 19
========================================================================
Received Import Request.
  Time since last request: 47.819448 seconds.
  path: Assets/Prefabs/Button1.prefab
  artifactKey: Guid(c5343c888b9820641b1f93b7ea8de554) Importer(815301076,1909f56bfc062723c751e8b465ee728b)
Start importing Assets/Prefabs/Button1.prefab using Guid(c5343c888b9820641b1f93b7ea8de554) Importer(815301076,1909f56bfc062723c751e8b465ee728b)  -> (artifact id: '4760fa7ece8571926b8a7b7fb3d1c3d8') in 0.013519 seconds
Number of updated asset objects reloaded before import = 0
Number of asset objects unloaded after import = 19
========================================================================
Received Import Request.
  Time since last request: 34.334447 seconds.
  path: Assets/Prefabs/Button1.prefab
  artifactKey: Guid(c5343c888b9820641b1f93b7ea8de554) Importer(815301076,1909f56bfc062723c751e8b465ee728b)
Start importing Assets/Prefabs/Button1.prefab using Guid(c5343c888b9820641b1f93b7ea8de554) Importer(815301076,1909f56bfc062723c751e8b465ee728b)  -> (artifact id: '39104302cf11714dfb7dbdf9f47fae1f') in 0.013064 seconds
Number of updated asset objects reloaded before import = 0
Number of asset objects unloaded after import = 19
========================================================================
Received Import Request.
  Time since last request: 9.570279 seconds.
  path: Assets/Prefabs/Button1.prefab
  artifactKey: Guid(c5343c888b9820641b1f93b7ea8de554) Importer(815301076,1909f56bfc062723c751e8b465ee728b)
Start importing Assets/Prefabs/Button1.prefab using Guid(c5343c888b9820641b1f93b7ea8de554) Importer(815301076,1909f56bfc062723c751e8b465ee728b)  -> (artifact id: 'f78b5fcbc6c67bf3f8757e1bce83da76') in 0.013320 seconds
Number of updated asset objects reloaded before import = 0
Number of asset objects unloaded after import = 19
========================================================================
Received Import Request.
  Time since last request: 149.230011 seconds.
  path: Assets/TextMesh Pro/Fonts/LiberationSans.ttf
  artifactKey: Guid(e3265ab4bf004d28a9537516768c1c75) Importer(815301076,1909f56bfc062723c751e8b465ee728b)
Start importing Assets/TextMesh Pro/Fonts/LiberationSans.ttf using Guid(e3265ab4bf004d28a9537516768c1c75) Importer(815301076,1909f56bfc062723c751e8b465ee728b)  -> (artifact id: '868ae7279cb8681e901fb13a12c8cb7e') in 0.079314 seconds
Number of updated asset objects reloaded before import = 0
Number of asset objects unloaded after import = 4
========================================================================
Received Import Request.
  Time since last request: 23.315255 seconds.
  path: Assets/Images
  artifactKey: Guid(8eaf716bbff9227478325de69aa1bec4) Importer(815301076,1909f56bfc062723c751e8b465ee728b)
Start importing Assets/Images using Guid(8eaf716bbff9227478325de69aa1bec4) Importer(815301076,1909f56bfc062723c751e8b465ee728b)  -> (artifact id: 'a699a2766a7ee9e8ec8f1dc2ba51aabd') in 0.000843 seconds
Number of updated asset objects reloaded before import = 0
Number of asset objects unloaded after import = 0
========================================================================
Received Import Request.
  Time since last request: 12.510180 seconds.
  path: Assets/Sprites
  artifactKey: Guid(8eaf716bbff9227478325de69aa1bec4) Importer(815301076,1909f56bfc062723c751e8b465ee728b)
Start importing Assets/Sprites using Guid(8eaf716bbff9227478325de69aa1bec4) Importer(815301076,1909f56bfc062723c751e8b465ee728b)  -> (artifact id: '4feed909c8b89b20c59ba502a48f9ab3') in 0.000531 seconds
Number of updated asset objects reloaded before import = 0
Number of asset objects unloaded after import = 0
========================================================================
Received Import Request.
  Time since last request: 10.298955 seconds.
  path: Assets/Sprites/119293002-holztischplatte-mit-unscharfem-hellem-bokeh-im-dunklen-nachtcafé-restauranthintergrund-lifestyle.jpg
  artifactKey: Guid(6e84a8e457d0402409d21f940155cf2e) Importer(815301076,1909f56bfc062723c751e8b465ee728b)
Start importing Assets/Sprites/119293002-holztischplatte-mit-unscharfem-hellem-bokeh-im-dunklen-nachtcafé-restauranthintergrund-lifestyle.jpg using Guid(6e84a8e457d0402409d21f940155cf2e) Importer(815301076,1909f56bfc062723c751e8b465ee728b)  -> (artifact id: '422aafdb9398d6f8951d7d4b578f80fd') in 0.015099 seconds
Number of updated asset objects reloaded before import = 0
Number of asset objects unloaded after import = 2
========================================================================
Received Import Request.
  Time since last request: 31.555279 seconds.
  path: Assets/Sprites/119293002-holztischplatte-mit-unscharfem-hellem-bokeh-im-dunklen-nachtcafé-restauranthintergrund-lifestyle.jpg
  artifactKey: Guid(6e84a8e457d0402409d21f940155cf2e) Importer(815301076,1909f56bfc062723c751e8b465ee728b)
Start importing Assets/Sprites/119293002-holztischplatte-mit-unscharfem-hellem-bokeh-im-dunklen-nachtcafé-restauranthintergrund-lifestyle.jpg using Guid(6e84a8e457d0402409d21f940155cf2e) Importer(815301076,1909f56bfc062723c751e8b465ee728b)  -> (artifact id: '08d29657082664615d0f685c67d2e809') in 0.042572 seconds
Number of updated asset objects reloaded before import = 0
Number of asset objects unloaded after import = 3
========================================================================
Received Prepare
Begin MonoManager ReloadAssembly
- Loaded All Assemblies, in  0.348 seconds
Refreshing native plugins compatible for Editor in 2.84 ms, found 3 plugins.
Native extension for WindowsStandalone target not found
Native extension for WebGL target not found
[Package Manager] Server::EnsureServerProcessIsRunning -- launch failed, reason: Unity was launched with the -noUpm command-line argument
[Package Manager] UpmClient::Send -- Unable to send message (not connected to UPM process).
[Package Manager] Cannot connect to Unity Package Manager local server
Mono: successfully reloaded assembly
- Finished resetting the current domain, in  0.772 seconds
Domain Reload Profiling: 1118ms
	BeginReloadAssembly (123ms)
		ExecutionOrderSort (0ms)
		DisableScriptedObjects (3ms)
		BackupInstance (0ms)
		ReleaseScriptingObjects (0ms)
		CreateAndSetChildDomain (26ms)
	RebuildCommonClasses (22ms)
	RebuildNativeTypeToScriptingClass (7ms)
	initialDomainReloadingComplete (25ms)
	LoadAllAssembliesAndSetupDomain (168ms)
		LoadAssemblies (228ms)
		RebuildTransferFunctionScriptingTraits (0ms)
		AnalyzeDomain (9ms)
			TypeCache.Refresh (5ms)
				TypeCache.ScanAssembly (0ms)
			ScanForSourceGeneratedMonoScriptInfo (0ms)
			ResolveRequiredComponents (3ms)
	FinalizeReload (773ms)
		ReleaseScriptCaches (0ms)
		RebuildScriptCaches (0ms)
		SetupLoadedEditorAssemblies (319ms)
			LogAssemblyErrors (0ms)
			InitializePlatformSupportModulesInManaged (7ms)
			SetLoadedEditorAssemblies (4ms)
			RefreshPlugins (0ms)
			BeforeProcessingInitializeOnLoad (54ms)
			ProcessInitializeOnLoadAttributes (229ms)
			ProcessInitializeOnLoadMethodAttributes (17ms)
			AfterProcessingInitializeOnLoad (8ms)
			EditorAssembliesLoaded (0ms)
		ExecutionOrderSort2 (0ms)
		AwakeInstancesAfterBackupRestoration (6ms)
Refreshing native plugins compatible for Editor in 3.47 ms, found 3 plugins.
Preloading 0 native plugins for Editor in 0.00 ms.
Unloading 3083 Unused Serialized files (Serialized files now loaded: 0)
Unloading 24 unused Assets / (31.9 KB). Loaded Objects now: 3621.
Memory consumption went from 131.6 MB to 131.5 MB.
Total: 2.112900 ms (FindLiveObjects: 0.166800 ms CreateObjectMapping: 0.068300 ms MarkObjects: 1.837200 ms  DeleteObjects: 0.039700 ms)

Prepare: number of updated asset objects reloaded= 0
AssetImportParameters requested are different than current active one (requested -> active):
  custom:container-demuxer-ogg: 62fdf1f143b41e24485cea50d1cbac27 -> 
  custom:video-codec-MediaFoundation-h265: 746d11721c4dcdbdad8f713fa42b33f4 -> 
  custom:video-decoder-ogg-theora: a1e56fd34408186e4bbccfd4996cb3dc -> 
  custom:framework-win-MediaFoundation: 216162199b28c13a410421893ffa2e32 -> 
  custom:CustomObjectIndexerAttribute: 6d391050e5a25f67b0a2c618074f2cd9 -> 
  custom:container-demuxer-webm: 4f35f7cbe854078d1ac9338744f61a02 -> 
  custom:container-muxer-webm: aa71ff27fc2769a1b78a27578f13a17b -> 
  custom:video-decoder-webm-vp8: 9c59270c3fd7afecdb556c50c9e8de78 -> 
  custom:SearchIndexIgnoredProperties: e643bd26f0fe6173181afceb89e7c659 -> 
  custom:AudioImporter_EditorPlatform: d09bf68614088b80899f8185d706f6e7 -> 
  custom:video-encoder-webm-vp8: eb34c28f22e8b96e1ab97ce403110664 -> 
  custom:audio-decoder-ogg-vorbis: bf7c407c2cedff20999df2af8eb42d56 -> 
  custom:audio-encoder-webm-vorbis: bf7c407c2cedff20999df2af8eb42d56 -> 
========================================================================
Received Prepare
Begin MonoManager ReloadAssembly
- Loaded All Assemblies, in  0.341 seconds
Refreshing native plugins compatible for Editor in 2.97 ms, found 3 plugins.
Native extension for WindowsStandalone target not found
Native extension for WebGL target not found
[Package Manager] Server::EnsureServerProcessIsRunning -- launch failed, reason: Unity was launched with the -noUpm command-line argument
[Package Manager] UpmClient::Send -- Unable to send message (not connected to UPM process).
[Package Manager] Cannot connect to Unity Package Manager local server
Mono: successfully reloaded assembly
- Finished resetting the current domain, in  0.708 seconds
Domain Reload Profiling: 1047ms
	BeginReloadAssembly (118ms)
		ExecutionOrderSort (0ms)
		DisableScriptedObjects (3ms)
		BackupInstance (0ms)
		ReleaseScriptingObjects (0ms)
		CreateAndSetChildDomain (24ms)
	RebuildCommonClasses (22ms)
	RebuildNativeTypeToScriptingClass (7ms)
	initialDomainReloadingComplete (24ms)
	LoadAllAssembliesAndSetupDomain (166ms)
		LoadAssemblies (222ms)
		RebuildTransferFunctionScriptingTraits (0ms)
		AnalyzeDomain (9ms)
			TypeCache.Refresh (5ms)
				TypeCache.ScanAssembly (0ms)
			ScanForSourceGeneratedMonoScriptInfo (0ms)
			ResolveRequiredComponents (3ms)
	FinalizeReload (709ms)
		ReleaseScriptCaches (0ms)
		RebuildScriptCaches (0ms)
		SetupLoadedEditorAssemblies (314ms)
			LogAssemblyErrors (0ms)
			InitializePlatformSupportModulesInManaged (6ms)
			SetLoadedEditorAssemblies (4ms)
			RefreshPlugins (0ms)
			BeforeProcessingInitializeOnLoad (51ms)
			ProcessInitializeOnLoadAttributes (228ms)
			ProcessInitializeOnLoadMethodAttributes (17ms)
			AfterProcessingInitializeOnLoad (8ms)
			EditorAssembliesLoaded (0ms)
		ExecutionOrderSort2 (0ms)
		AwakeInstancesAfterBackupRestoration (6ms)
Refreshing native plugins compatible for Editor in 3.15 ms, found 3 plugins.
Preloading 0 native plugins for Editor in 0.00 ms.
Unloading 3084 Unused Serialized files (Serialized files now loaded: 0)
Unloading 23 unused Assets / (31.1 KB). Loaded Objects now: 3624.
Memory consumption went from 133.8 MB to 133.7 MB.
Total: 2.244800 ms (FindLiveObjects: 0.249500 ms CreateObjectMapping: 0.082200 ms MarkObjects: 1.878300 ms  DeleteObjects: 0.034100 ms)

Prepare: number of updated asset objects reloaded= 0
AssetImportParameters requested are different than current active one (requested -> active):
  custom:container-demuxer-ogg: 62fdf1f143b41e24485cea50d1cbac27 -> 
  custom:video-codec-MediaFoundation-h265: 746d11721c4dcdbdad8f713fa42b33f4 -> 
  custom:video-decoder-ogg-theora: a1e56fd34408186e4bbccfd4996cb3dc -> 
  custom:framework-win-MediaFoundation: 216162199b28c13a410421893ffa2e32 -> 
  custom:CustomObjectIndexerAttribute: 6d391050e5a25f67b0a2c618074f2cd9 -> 
  custom:container-demuxer-webm: 4f35f7cbe854078d1ac9338744f61a02 -> 
  custom:container-muxer-webm: aa71ff27fc2769a1b78a27578f13a17b -> 
  custom:video-decoder-webm-vp8: 9c59270c3fd7afecdb556c50c9e8de78 -> 
  custom:SearchIndexIgnoredProperties: e643bd26f0fe6173181afceb89e7c659 -> 
  custom:AudioImporter_EditorPlatform: d09bf68614088b80899f8185d706f6e7 -> 
  custom:video-encoder-webm-vp8: eb34c28f22e8b96e1ab97ce403110664 -> 
  custom:audio-decoder-ogg-vorbis: bf7c407c2cedff20999df2af8eb42d56 -> 
  custom:audio-encoder-webm-vorbis: bf7c407c2cedff20999df2af8eb42d56 -> 
========================================================================
Received Prepare
Begin MonoManager ReloadAssembly
- Loaded All Assemblies, in  0.343 seconds
Refreshing native plugins compatible for Editor in 2.99 ms, found 3 plugins.
Native extension for WindowsStandalone target not found
Native extension for WebGL target not found
[Package Manager] Server::EnsureServerProcessIsRunning -- launch failed, reason: Unity was launched with the -noUpm command-line argument
[Package Manager] UpmClient::Send -- Unable to send message (not connected to UPM process).
[Package Manager] Cannot connect to Unity Package Manager local server
Mono: successfully reloaded assembly
- Finished resetting the current domain, in  0.699 seconds
Domain Reload Profiling: 1039ms
	BeginReloadAssembly (119ms)
		ExecutionOrderSort (0ms)
		DisableScriptedObjects (4ms)
		BackupInstance (0ms)
		ReleaseScriptingObjects (0ms)
		CreateAndSetChildDomain (25ms)
	RebuildCommonClasses (22ms)
	RebuildNativeTypeToScriptingClass (7ms)
	initialDomainReloadingComplete (24ms)
	LoadAllAssembliesAndSetupDomain (167ms)
		LoadAssemblies (224ms)
		RebuildTransferFunctionScriptingTraits (0ms)
		AnalyzeDomain (9ms)
			TypeCache.Refresh (5ms)
				TypeCache.ScanAssembly (0ms)
			ScanForSourceGeneratedMonoScriptInfo (0ms)
			ResolveRequiredComponents (3ms)
	FinalizeReload (700ms)
		ReleaseScriptCaches (0ms)
		RebuildScriptCaches (0ms)
		SetupLoadedEditorAssemblies (313ms)
			LogAssemblyErrors (0ms)
			InitializePlatformSupportModulesInManaged (7ms)
			SetLoadedEditorAssemblies (4ms)
			RefreshPlugins (0ms)
			BeforeProcessingInitializeOnLoad (53ms)
			ProcessInitializeOnLoadAttributes (225ms)
			ProcessInitializeOnLoadMethodAttributes (16ms)
			AfterProcessingInitializeOnLoad (9ms)
			EditorAssembliesLoaded (0ms)
		ExecutionOrderSort2 (0ms)
		AwakeInstancesAfterBackupRestoration (6ms)
Refreshing native plugins compatible for Editor in 3.10 ms, found 3 plugins.
Preloading 0 native plugins for Editor in 0.00 ms.
Unloading 3084 Unused Serialized files (Serialized files now loaded: 0)
Unloading 23 unused Assets / (31.1 KB). Loaded Objects now: 3627.
Memory consumption went from 135.7 MB to 135.7 MB.
Total: 2.059000 ms (FindLiveObjects: 0.151400 ms CreateObjectMapping: 0.063400 ms MarkObjects: 1.805000 ms  DeleteObjects: 0.038400 ms)

Prepare: number of updated asset objects reloaded= 0
AssetImportParameters requested are different than current active one (requested -> active):
  custom:container-demuxer-ogg: 62fdf1f143b41e24485cea50d1cbac27 -> 
  custom:video-codec-MediaFoundation-h265: 746d11721c4dcdbdad8f713fa42b33f4 -> 
  custom:video-decoder-ogg-theora: a1e56fd34408186e4bbccfd4996cb3dc -> 
  custom:framework-win-MediaFoundation: 216162199b28c13a410421893ffa2e32 -> 
  custom:CustomObjectIndexerAttribute: 6d391050e5a25f67b0a2c618074f2cd9 -> 
  custom:container-demuxer-webm: 4f35f7cbe854078d1ac9338744f61a02 -> 
  custom:container-muxer-webm: aa71ff27fc2769a1b78a27578f13a17b -> 
  custom:video-decoder-webm-vp8: 9c59270c3fd7afecdb556c50c9e8de78 -> 
  custom:SearchIndexIgnoredProperties: e643bd26f0fe6173181afceb89e7c659 -> 
  custom:AudioImporter_EditorPlatform: d09bf68614088b80899f8185d706f6e7 -> 
  custom:video-encoder-webm-vp8: eb34c28f22e8b96e1ab97ce403110664 -> 
  custom:audio-decoder-ogg-vorbis: bf7c407c2cedff20999df2af8eb42d56 -> 
  custom:audio-encoder-webm-vorbis: bf7c407c2cedff20999df2af8eb42d56 -> 
========================================================================
Received Prepare
Begin MonoManager ReloadAssembly
- Loaded All Assemblies, in  0.385 seconds
Refreshing native plugins compatible for Editor in 2.98 ms, found 3 plugins.
Native extension for WindowsStandalone target not found
Native extension for WebGL target not found
[Package Manager] Server::EnsureServerProcessIsRunning -- launch failed, reason: Unity was launched with the -noUpm command-line argument
[Package Manager] UpmClient::Send -- Unable to send message (not connected to UPM process).
[Package Manager] Cannot connect to Unity Package Manager local server
Mono: successfully reloaded assembly
- Finished resetting the current domain, in  0.637 seconds
Domain Reload Profiling: 1020ms
	BeginReloadAssembly (131ms)
		ExecutionOrderSort (0ms)
		DisableScriptedObjects (4ms)
		BackupInstance (0ms)
		ReleaseScriptingObjects (0ms)
		CreateAndSetChildDomain (28ms)
	RebuildCommonClasses (27ms)
	RebuildNativeTypeToScriptingClass (8ms)
	initialDomainReloadingComplete (27ms)
	LoadAllAssembliesAndSetupDomain (189ms)
		LoadAssemblies (244ms)
		RebuildTransferFunctionScriptingTraits (0ms)
		AnalyzeDomain (16ms)
			TypeCache.Refresh (8ms)
				TypeCache.ScanAssembly (0ms)
			ScanForSourceGeneratedMonoScriptInfo (5ms)
			ResolveRequiredComponents (3ms)
	FinalizeReload (638ms)
		ReleaseScriptCaches (0ms)
		RebuildScriptCaches (0ms)
		SetupLoadedEditorAssemblies (273ms)
			LogAssemblyErrors (0ms)
			InitializePlatformSupportModulesInManaged (6ms)
			SetLoadedEditorAssemblies (3ms)
			RefreshPlugins (0ms)
			BeforeProcessingInitializeOnLoad (47ms)
			ProcessInitializeOnLoadAttributes (197ms)
			ProcessInitializeOnLoadMethodAttributes (13ms)
			AfterProcessingInitializeOnLoad (7ms)
			EditorAssembliesLoaded (0ms)
		ExecutionOrderSort2 (0ms)
		AwakeInstancesAfterBackupRestoration (5ms)
Refreshing native plugins compatible for Editor in 3.24 ms, found 3 plugins.
Preloading 0 native plugins for Editor in 0.00 ms.
Unloading 3085 Unused Serialized files (Serialized files now loaded: 0)
Unloading 23 unused Assets / (31.1 KB). Loaded Objects now: 3631.
Memory consumption went from 139.7 MB to 139.7 MB.
Total: 2.007400 ms (FindLiveObjects: 0.161400 ms CreateObjectMapping: 0.063400 ms MarkObjects: 1.749400 ms  DeleteObjects: 0.032400 ms)

Prepare: number of updated asset objects reloaded= 0
AssetImportParameters requested are different than current active one (requested -> active):
  custom:container-demuxer-ogg: 62fdf1f143b41e24485cea50d1cbac27 -> 
  custom:video-codec-MediaFoundation-h265: 746d11721c4dcdbdad8f713fa42b33f4 -> 
  custom:video-decoder-ogg-theora: a1e56fd34408186e4bbccfd4996cb3dc -> 
  custom:framework-win-MediaFoundation: 216162199b28c13a410421893ffa2e32 -> 
  custom:CustomObjectIndexerAttribute: 6d391050e5a25f67b0a2c618074f2cd9 -> 
  custom:container-demuxer-webm: 4f35f7cbe854078d1ac9338744f61a02 -> 
  custom:container-muxer-webm: aa71ff27fc2769a1b78a27578f13a17b -> 
  custom:video-decoder-webm-vp8: 9c59270c3fd7afecdb556c50c9e8de78 -> 
  custom:SearchIndexIgnoredProperties: e643bd26f0fe6173181afceb89e7c659 -> 
  custom:AudioImporter_EditorPlatform: d09bf68614088b80899f8185d706f6e7 -> 
  custom:video-encoder-webm-vp8: eb34c28f22e8b96e1ab97ce403110664 -> 
  custom:audio-decoder-ogg-vorbis: bf7c407c2cedff20999df2af8eb42d56 -> 
  custom:audio-encoder-webm-vorbis: bf7c407c2cedff20999df2af8eb42d56 -> 
========================================================================
Received Import Request.
  Time since last request: 306.542440 seconds.
  path: Assets/UI button pack 2/Blue
  artifactKey: Guid(ded31821d66dd37468c0f87d00d997b2) Importer(815301076,1909f56bfc062723c751e8b465ee728b)
Start importing Assets/UI button pack 2/Blue using Guid(ded31821d66dd37468c0f87d00d997b2) Importer(815301076,1909f56bfc062723c751e8b465ee728b)  -> (artifact id: '359c8b09b9ec4631e362c6a9bea9f20c') in 0.003358 seconds
Number of updated asset objects reloaded before import = 0
Number of asset objects unloaded after import = 0
========================================================================
Received Import Request.
  Time since last request: 0.076089 seconds.
  path: Assets/UI button pack 2/Blue/0-b.png
  artifactKey: Guid(458add42d8f83ed45a6e4784ffbcfc6a) Importer(815301076,1909f56bfc062723c751e8b465ee728b)
Start importing Assets/UI button pack 2/Blue/0-b.png using Guid(458add42d8f83ed45a6e4784ffbcfc6a) Importer(815301076,1909f56bfc062723c751e8b465ee728b)  -> (artifact id: 'e1f6db28ea516ca944076b9be3d316ce') in 0.068694 seconds
Number of updated asset objects reloaded before import = 0
Number of asset objects unloaded after import = 3
========================================================================
Received Import Request.
  Time since last request: 0.000021 seconds.
  path: Assets/UI button pack 2/Blue/heart-blue.png
  artifactKey: Guid(215b1783f4aafa0408903aa679665137) Importer(815301076,1909f56bfc062723c751e8b465ee728b)
Start importing Assets/UI button pack 2/Blue/heart-blue.png using Guid(215b1783f4aafa0408903aa679665137) Importer(815301076,1909f56bfc062723c751e8b465ee728b)  -> (artifact id: '0fdf3556818a21fa9b451e6a8ae403f7') in 0.021478 seconds
Number of updated asset objects reloaded before import = 0
Number of asset objects unloaded after import = 3
========================================================================
Received Import Request.
  Time since last request: 0.000018 seconds.
  path: Assets/UI button pack 2/Blue/left-blue.png
  artifactKey: Guid(0d609ca30c1c5964599d1b960698d244) Importer(815301076,1909f56bfc062723c751e8b465ee728b)
Start importing Assets/UI button pack 2/Blue/left-blue.png using Guid(0d609ca30c1c5964599d1b960698d244) Importer(815301076,1909f56bfc062723c751e8b465ee728b)  -> (artifact id: '12ba7eb81235d2b37a7993d13a3a0af1') in 0.038554 seconds
Number of updated asset objects reloaded before import = 0
Number of asset objects unloaded after import = 3
========================================================================
Received Import Request.
  Time since last request: 0.000014 seconds.
  path: Assets/UI button pack 2/Blue/3-right-B.png
  artifactKey: Guid(22bdcff5b7b301543a620d27ef73d8d0) Importer(815301076,1909f56bfc062723c751e8b465ee728b)
Start importing Assets/UI button pack 2/Blue/3-right-B.png using Guid(22bdcff5b7b301543a620d27ef73d8d0) Importer(815301076,1909f56bfc062723c751e8b465ee728b)  -> (artifact id: '87362770cf919ca1174381e533da58f4') in 0.037932 seconds
Number of updated asset objects reloaded before import = 0
Number of asset objects unloaded after import = 3
========================================================================
Received Import Request.
  Time since last request: 0.000015 seconds.
  path: Assets/UI button pack 2/Blue/star-blue.png
  artifactKey: Guid(266b2df969fa37e4bac25495f5d33632) Importer(815301076,1909f56bfc062723c751e8b465ee728b)
Start importing Assets/UI button pack 2/Blue/star-blue.png using Guid(266b2df969fa37e4bac25495f5d33632) Importer(815301076,1909f56bfc062723c751e8b465ee728b)  -> (artifact id: 'a6836d987f58d7a2d0bdaf5f7bf6bdb6') in 0.030989 seconds
Number of updated asset objects reloaded before import = 0
Number of asset objects unloaded after import = 3
========================================================================
Received Import Request.
  Time since last request: 0.000016 seconds.
  path: Assets/UI button pack 2/Blue/forwaed-blue.png
  artifactKey: Guid(4db26e4f73cb4bc44b1661670e3f49bc) Importer(815301076,1909f56bfc062723c751e8b465ee728b)
Start importing Assets/UI button pack 2/Blue/forwaed-blue.png using Guid(4db26e4f73cb4bc44b1661670e3f49bc) Importer(815301076,1909f56bfc062723c751e8b465ee728b)  -> (artifact id: '3c67b511a9a014dc3af197d786fe718a') in 0.056541 seconds
Number of updated asset objects reloaded before import = 0
Number of asset objects unloaded after import = 3
========================================================================
Received Import Request.
  Time since last request: 0.000021 seconds.
  path: Assets/UI button pack 2/Blue/close-blue.png
  artifactKey: Guid(c094d14fddf23a34c82ab986dd5294ba) Importer(815301076,1909f56bfc062723c751e8b465ee728b)
Start importing Assets/UI button pack 2/Blue/close-blue.png using Guid(c094d14fddf23a34c82ab986dd5294ba) Importer(815301076,1909f56bfc062723c751e8b465ee728b)  -> (artifact id: '7357a3d56fe7d958c4ed128f1bee2da9') in 0.012741 seconds
Number of updated asset objects reloaded before import = 0
Number of asset objects unloaded after import = 3
========================================================================
Received Import Request.
  Time since last request: 0.000012 seconds.
  path: Assets/UI button pack 2/Blue/3-up-blue.png
  artifactKey: Guid(3742b21d89c78b043a5f2ce17387bcb7) Importer(815301076,1909f56bfc062723c751e8b465ee728b)
Start importing Assets/UI button pack 2/Blue/3-up-blue.png using Guid(3742b21d89c78b043a5f2ce17387bcb7) Importer(815301076,1909f56bfc062723c751e8b465ee728b)  -> (artifact id: '43b8c36c9efdf0982cd87aeb8737ae46') in 0.040594 seconds
Number of updated asset objects reloaded before import = 0
Number of asset objects unloaded after import = 3
========================================================================
Received Import Request.
  Time since last request: 0.000012 seconds.
  path: Assets/UI button pack 2/Blue/mail-blue.png
  artifactKey: Guid(0f4b5c406d632cb47a12a0bdfb2153ef) Importer(815301076,1909f56bfc062723c751e8b465ee728b)
Start importing Assets/UI button pack 2/Blue/mail-blue.png using Guid(0f4b5c406d632cb47a12a0bdfb2153ef) Importer(815301076,1909f56bfc062723c751e8b465ee728b)  -> (artifact id: '5080adc718e6c615beef350676120afa') in 0.053951 seconds
Number of updated asset objects reloaded before import = 0
Number of asset objects unloaded after import = 3
========================================================================
Received Import Request.
  Time since last request: 0.000017 seconds.
  path: Assets/UI button pack 2/Blue/12.png
  artifactKey: Guid(4822d78c36b4d694bac11d9640f8172a) Importer(815301076,1909f56bfc062723c751e8b465ee728b)
Start importing Assets/UI button pack 2/Blue/12.png using Guid(4822d78c36b4d694bac11d9640f8172a) Importer(815301076,1909f56bfc062723c751e8b465ee728b)  -> (artifact id: '0f123b8311b0a6ea567667728cb3ff37') in 0.018166 seconds
Number of updated asset objects reloaded before import = 0
Number of asset objects unloaded after import = 3
========================================================================
Received Import Request.
  Time since last request: 0.000019 seconds.
  path: Assets/UI button pack 2/Blue/photo-blue.png
  artifactKey: Guid(58333d55635b1b04d9f368b6050b8690) Importer(815301076,1909f56bfc062723c751e8b465ee728b)
Start importing Assets/UI button pack 2/Blue/photo-blue.png using Guid(58333d55635b1b04d9f368b6050b8690) Importer(815301076,1909f56bfc062723c751e8b465ee728b)  -> (artifact id: 'b37a2f5a0c5842c57bf61c0198bcbd49') in 0.012739 seconds
Number of updated asset objects reloaded before import = 0
Number of asset objects unloaded after import = 3
========================================================================
Received Import Request.
  Time since last request: 0.000013 seconds.
  path: Assets/UI button pack 2/Blue/2.png
  artifactKey: Guid(0aab9820e4c0dfc498c37400d30f1960) Importer(815301076,1909f56bfc062723c751e8b465ee728b)
Start importing Assets/UI button pack 2/Blue/2.png using Guid(0aab9820e4c0dfc498c37400d30f1960) Importer(815301076,1909f56bfc062723c751e8b465ee728b)  -> (artifact id: '95fa676684a832b3a0816b92bcac69eb') in 0.012852 seconds
Number of updated asset objects reloaded before import = 0
Number of asset objects unloaded after import = 3
========================================================================
Received Import Request.
  Time since last request: 0.000016 seconds.
  path: Assets/UI button pack 2/Blue/EASY-10.png
  artifactKey: Guid(48b860da40dc41943a38331eba2a30d0) Importer(815301076,1909f56bfc062723c751e8b465ee728b)
Start importing Assets/UI button pack 2/Blue/EASY-10.png using Guid(48b860da40dc41943a38331eba2a30d0) Importer(815301076,1909f56bfc062723c751e8b465ee728b)  -> (artifact id: '7d5081381d5e420dd48a851f90792580') in 0.012190 seconds
Number of updated asset objects reloaded before import = 0
Number of asset objects unloaded after import = 3
========================================================================
Received Import Request.
  Time since last request: 0.000014 seconds.
  path: Assets/UI button pack 2/Blue/CAMERA-BLUE.png
  artifactKey: Guid(60e7a47a920cc1e479c4bc5dd506e018) Importer(815301076,1909f56bfc062723c751e8b465ee728b)
Start importing Assets/UI button pack 2/Blue/CAMERA-BLUE.png using Guid(60e7a47a920cc1e479c4bc5dd506e018) Importer(815301076,1909f56bfc062723c751e8b465ee728b)  -> (artifact id: '4023eed15f521cfdafba9045aa74ff6f') in 0.012836 seconds
Number of updated asset objects reloaded before import = 0
Number of asset objects unloaded after import = 3
========================================================================
Received Import Request.
  Time since last request: 0.000014 seconds.
  path: Assets/UI button pack 2/Blue/middle.png
  artifactKey: Guid(a41af4134628e704580fed2084e7d756) Importer(815301076,1909f56bfc062723c751e8b465ee728b)
Start importing Assets/UI button pack 2/Blue/middle.png using Guid(a41af4134628e704580fed2084e7d756) Importer(815301076,1909f56bfc062723c751e8b465ee728b)  -> (artifact id: '781bc04ea10c05c1a901f984010445e6') in 0.012816 seconds
Number of updated asset objects reloaded before import = 0
Number of asset objects unloaded after import = 3
========================================================================
Received Import Request.
  Time since last request: 0.000012 seconds.
  path: Assets/UI button pack 2/Blue/32.png
  artifactKey: Guid(e746c831db68c0742972d41298ce3c8e) Importer(815301076,1909f56bfc062723c751e8b465ee728b)
Start importing Assets/UI button pack 2/Blue/32.png using Guid(e746c831db68c0742972d41298ce3c8e) Importer(815301076,1909f56bfc062723c751e8b465ee728b)  -> (artifact id: '438d8a8e3226e01118c14d2b0b86062e') in 0.012410 seconds
Number of updated asset objects reloaded before import = 0
Number of asset objects unloaded after import = 3
========================================================================
Received Import Request.
  Time since last request: 0.000024 seconds.
  path: Assets/UI button pack 2/Blue/copy-blue.png
  artifactKey: Guid(14617f09112af484cb57cc0d43e9a130) Importer(815301076,1909f56bfc062723c751e8b465ee728b)
Start importing Assets/UI button pack 2/Blue/copy-blue.png using Guid(14617f09112af484cb57cc0d43e9a130) Importer(815301076,1909f56bfc062723c751e8b465ee728b)  -> (artifact id: '7514e835d3e599aed1c8cc94a6c42340') in 0.013699 seconds
Number of updated asset objects reloaded before import = 0
Number of asset objects unloaded after import = 3
========================================================================
Received Import Request.
  Time since last request: 0.000021 seconds.
  path: Assets/UI button pack 2/Blue/6-B.png
  artifactKey: Guid(76faec1d41d541944b96082ce6063224) Importer(815301076,1909f56bfc062723c751e8b465ee728b)
Start importing Assets/UI button pack 2/Blue/6-B.png using Guid(76faec1d41d541944b96082ce6063224) Importer(815301076,1909f56bfc062723c751e8b465ee728b)  -> (artifact id: '04ea2cbec2c234696e2cacea609a1b47') in 0.012967 seconds
Number of updated asset objects reloaded before import = 0
Number of asset objects unloaded after import = 3
========================================================================
Received Import Request.
  Time since last request: 0.000015 seconds.
  path: Assets/UI button pack 2/Blue/MEDIUM-BLUE.png
  artifactKey: Guid(d47c006a427f9c34f9bd9c9a22c5f770) Importer(815301076,1909f56bfc062723c751e8b465ee728b)
Start importing Assets/UI button pack 2/Blue/MEDIUM-BLUE.png using Guid(d47c006a427f9c34f9bd9c9a22c5f770) Importer(815301076,1909f56bfc062723c751e8b465ee728b)  -> (artifact id: '2238484d75b4a19dd1a07c8aafb3f3fe') in 0.013738 seconds
Number of updated asset objects reloaded before import = 0
Number of asset objects unloaded after import = 3
========================================================================
Received Import Request.
  Time since last request: 0.000019 seconds.
  path: Assets/UI button pack 2/Blue/que-blue.png
  artifactKey: Guid(c03370874c8305049b1574a32a4ae201) Importer(815301076,1909f56bfc062723c751e8b465ee728b)
Start importing Assets/UI button pack 2/Blue/que-blue.png using Guid(c03370874c8305049b1574a32a4ae201) Importer(815301076,1909f56bfc062723c751e8b465ee728b)  -> (artifact id: '7c3e72247c100b5334e05568aa8860a0') in 0.014629 seconds
Number of updated asset objects reloaded before import = 0
Number of asset objects unloaded after import = 3
========================================================================
Received Import Request.
  Time since last request: 0.000019 seconds.
  path: Assets/UI button pack 2/Blue/ACHIVE-BLUE.png
  artifactKey: Guid(a99c681415fefd94b87c88f931ba8063) Importer(815301076,1909f56bfc062723c751e8b465ee728b)
Start importing Assets/UI button pack 2/Blue/ACHIVE-BLUE.png using Guid(a99c681415fefd94b87c88f931ba8063) Importer(815301076,1909f56bfc062723c751e8b465ee728b)  -> (artifact id: 'b30a2250238a1dd717dc4c7681270129') in 0.014576 seconds
Number of updated asset objects reloaded before import = 0
Number of asset objects unloaded after import = 3
========================================================================
Received Import Request.
  Time since last request: 0.000016 seconds.
  path: Assets/UI button pack 2/Blue/dollar-blue.png
  artifactKey: Guid(9460ffa8b286d1e47a9bee4346dadc36) Importer(815301076,1909f56bfc062723c751e8b465ee728b)
Start importing Assets/UI button pack 2/Blue/dollar-blue.png using Guid(9460ffa8b286d1e47a9bee4346dadc36) Importer(815301076,1909f56bfc062723c751e8b465ee728b)  -> (artifact id: '3d20105dec00987e109cfeff65e43916') in 0.015417 seconds
Number of updated asset objects reloaded before import = 0
Number of asset objects unloaded after import = 3
========================================================================
Received Import Request.
  Time since last request: 0.000032 seconds.
  path: Assets/UI button pack 2/Blue/OK-BLUE.png
  artifactKey: Guid(0d20d1a34aea59a47a0d4e4425dee076) Importer(815301076,1909f56bfc062723c751e8b465ee728b)
Start importing Assets/UI button pack 2/Blue/OK-BLUE.png using Guid(0d20d1a34aea59a47a0d4e4425dee076) Importer(815301076,1909f56bfc062723c751e8b465ee728b)  -> (artifact id: 'd16ae319ea3b428cbb5d7ba5abaa0061') in 0.014108 seconds
Number of updated asset objects reloaded before import = 0
Number of asset objects unloaded after import = 3
========================================================================
Received Import Request.
  Time since last request: 0.000012 seconds.
  path: Assets/UI button pack 2/Blue/muic-off-blue.png
  artifactKey: Guid(b2382360e6cb81a4d9efda497b889fdb) Importer(815301076,1909f56bfc062723c751e8b465ee728b)
Start importing Assets/UI button pack 2/Blue/muic-off-blue.png using Guid(b2382360e6cb81a4d9efda497b889fdb) Importer(815301076,1909f56bfc062723c751e8b465ee728b)  -> (artifact id: 'a14daf6ecffa7f096a5438423538e21b') in 0.012905 seconds
Number of updated asset objects reloaded before import = 0
Number of asset objects unloaded after import = 3
========================================================================
Received Import Request.
  Time since last request: 0.000015 seconds.
  path: Assets/UI button pack 2/Blue/downloaad-blue.png
  artifactKey: Guid(8b1923b5408852e4e862d792e6c573e8) Importer(815301076,1909f56bfc062723c751e8b465ee728b)
Start importing Assets/UI button pack 2/Blue/downloaad-blue.png using Guid(8b1923b5408852e4e862d792e6c573e8) Importer(815301076,1909f56bfc062723c751e8b465ee728b)  -> (artifact id: '326cc1ef23caa156ca93ac228ad8c850') in 0.011699 seconds
Number of updated asset objects reloaded before import = 0
Number of asset objects unloaded after import = 3
========================================================================
Received Import Request.
  Time since last request: 0.000016 seconds.
  path: Assets/UI button pack 2/Blue/location-4.png
  artifactKey: Guid(0d693b984e3c64b46a9828badff2f5a7) Importer(815301076,1909f56bfc062723c751e8b465ee728b)
Start importing Assets/UI button pack 2/Blue/location-4.png using Guid(0d693b984e3c64b46a9828badff2f5a7) Importer(815301076,1909f56bfc062723c751e8b465ee728b)  -> (artifact id: 'f9497257a5bd2447267b4674a2b560e9') in 0.013589 seconds
Number of updated asset objects reloaded before import = 0
Number of asset objects unloaded after import = 3
========================================================================
Received Import Request.
  Time since last request: 0.000014 seconds.
  path: Assets/UI button pack 2/Blue/2-down-blue.png
  artifactKey: Guid(3a27bbe84480ca846816e4d2328ebc69) Importer(815301076,1909f56bfc062723c751e8b465ee728b)
Start importing Assets/UI button pack 2/Blue/2-down-blue.png using Guid(3a27bbe84480ca846816e4d2328ebc69) Importer(815301076,1909f56bfc062723c751e8b465ee728b)  -> (artifact id: '1f4cf8694812a2b1155147514ad1494f') in 0.013486 seconds
Number of updated asset objects reloaded before import = 0
Number of asset objects unloaded after import = 3
========================================================================
Received Import Request.
  Time since last request: 0.000014 seconds.
  path: Assets/UI button pack 2/Blue/4-b.png
  artifactKey: Guid(bf76c4199ed90be419619df83bcc2ef7) Importer(815301076,1909f56bfc062723c751e8b465ee728b)
Start importing Assets/UI button pack 2/Blue/4-b.png using Guid(bf76c4199ed90be419619df83bcc2ef7) Importer(815301076,1909f56bfc062723c751e8b465ee728b)  -> (artifact id: '26e97d591e0ea4b92138829aadede8c4') in 0.013098 seconds
Number of updated asset objects reloaded before import = 0
Number of asset objects unloaded after import = 3
========================================================================
Received Import Request.
  Time since last request: 0.000013 seconds.
  path: Assets/UI button pack 2/Blue/ADD-MEMBERS-BLUE.png
  artifactKey: Guid(e2b16573f58f04a4daf53a37f0629fbb) Importer(815301076,1909f56bfc062723c751e8b465ee728b)
Start importing Assets/UI button pack 2/Blue/ADD-MEMBERS-BLUE.png using Guid(e2b16573f58f04a4daf53a37f0629fbb) Importer(815301076,1909f56bfc062723c751e8b465ee728b)  -> (artifact id: '4cb38552fb7925811b01e5c39620955a') in 0.012645 seconds
Number of updated asset objects reloaded before import = 0
Number of asset objects unloaded after import = 3
========================================================================
Received Import Request.
  Time since last request: 0.000016 seconds.
  path: Assets/UI button pack 2/Blue/shop blue.png
  artifactKey: Guid(dd643f5608589c445811674dc11d15b0) Importer(815301076,1909f56bfc062723c751e8b465ee728b)
Start importing Assets/UI button pack 2/Blue/shop blue.png using Guid(dd643f5608589c445811674dc11d15b0) Importer(815301076,1909f56bfc062723c751e8b465ee728b)  -> (artifact id: '56fdd967f6502edb67cddafbcee66f08') in 0.014015 seconds
Number of updated asset objects reloaded before import = 0
Number of asset objects unloaded after import = 3
========================================================================
Received Import Request.
  Time since last request: 0.000012 seconds.
  path: Assets/UI button pack 2/Blue/unlock-blue.png
  artifactKey: Guid(f8f6d886e4b1b084a814674f4deebffe) Importer(815301076,1909f56bfc062723c751e8b465ee728b)
Start importing Assets/UI button pack 2/Blue/unlock-blue.png using Guid(f8f6d886e4b1b084a814674f4deebffe) Importer(815301076,1909f56bfc062723c751e8b465ee728b)  -> (artifact id: '370ba6960a8c29b18a488a8becf6960a') in 0.014224 seconds
Number of updated asset objects reloaded before import = 0
Number of asset objects unloaded after import = 3
========================================================================
Received Import Request.
  Time since last request: 0.000012 seconds.
  path: Assets/UI button pack 2/Blue/blue.png
  artifactKey: Guid(fbd49e5fabc6cd54b8ca96be68e8600b) Importer(815301076,1909f56bfc062723c751e8b465ee728b)
Start importing Assets/UI button pack 2/Blue/blue.png using Guid(fbd49e5fabc6cd54b8ca96be68e8600b) Importer(815301076,1909f56bfc062723c751e8b465ee728b)  -> (artifact id: '9632b840478a3bc3c9501ac410ae83a1') in 0.012539 seconds
Number of updated asset objects reloaded before import = 0
Number of asset objects unloaded after import = 3
========================================================================
Received Import Request.
  Time since last request: 0.000017 seconds.
  path: Assets/UI button pack 2/Blue/SPOND-B.png
  artifactKey: Guid(5ce7fbda67a967947b6ae1c10c568cdc) Importer(815301076,1909f56bfc062723c751e8b465ee728b)
Start importing Assets/UI button pack 2/Blue/SPOND-B.png using Guid(5ce7fbda67a967947b6ae1c10c568cdc) Importer(815301076,1909f56bfc062723c751e8b465ee728b)  -> (artifact id: '6e06e9b4cfcac7fe317c40301885bd34') in 0.013052 seconds
Number of updated asset objects reloaded before import = 0
Number of asset objects unloaded after import = 3
========================================================================
Received Import Request.
  Time since last request: 0.000020 seconds.
  path: Assets/UI button pack 2/Blue/noraml-blue.png
  artifactKey: Guid(296868c779423804a84233de41e212d0) Importer(815301076,1909f56bfc062723c751e8b465ee728b)
Start importing Assets/UI button pack 2/Blue/noraml-blue.png using Guid(296868c779423804a84233de41e212d0) Importer(815301076,1909f56bfc062723c751e8b465ee728b)  -> (artifact id: 'f9f680bb768792d97d67ae34a8b6211d') in 0.013738 seconds
Number of updated asset objects reloaded before import = 0
Number of asset objects unloaded after import = 3
========================================================================
Received Import Request.
  Time since last request: 0.000013 seconds.
  path: Assets/UI button pack 2/Blue/1024-256-blue.png
  artifactKey: Guid(396c69b9f2df80f49bfcedd96c0b81b5) Importer(815301076,1909f56bfc062723c751e8b465ee728b)
Start importing Assets/UI button pack 2/Blue/1024-256-blue.png using Guid(396c69b9f2df80f49bfcedd96c0b81b5) Importer(815301076,1909f56bfc062723c751e8b465ee728b)  -> (artifact id: '99cc7d7bb674033cb06c028f0b177a42') in 0.012269 seconds
Number of updated asset objects reloaded before import = 0
Number of asset objects unloaded after import = 3
========================================================================
Received Import Request.
  Time since last request: 0.000013 seconds.
  path: Assets/UI button pack 2/Blue/stop-b.png
  artifactKey: Guid(dbd5b9e86274ff7499cd32692e76dcc8) Importer(815301076,1909f56bfc062723c751e8b465ee728b)
Start importing Assets/UI button pack 2/Blue/stop-b.png using Guid(dbd5b9e86274ff7499cd32692e76dcc8) Importer(815301076,1909f56bfc062723c751e8b465ee728b)  -> (artifact id: '0c2bf811a926ab331902c12bea25e8e6') in 0.013713 seconds
Number of updated asset objects reloaded before import = 0
Number of asset objects unloaded after import = 3
========================================================================
Received Import Request.
  Time since last request: 0.000012 seconds.
  path: Assets/UI button pack 2/Blue/music-blue.png
  artifactKey: Guid(2b3b7183e3be04b4b81e43edbae4fc68) Importer(815301076,1909f56bfc062723c751e8b465ee728b)
Start importing Assets/UI button pack 2/Blue/music-blue.png using Guid(2b3b7183e3be04b4b81e43edbae4fc68) Importer(815301076,1909f56bfc062723c751e8b465ee728b)  -> (artifact id: 'ef2e497b779b9dd08da594de55cfee2b') in 0.012407 seconds
Number of updated asset objects reloaded before import = 0
Number of asset objects unloaded after import = 3
========================================================================
Received Import Request.
  Time since last request: 0.000014 seconds.
  path: Assets/UI button pack 2/Blue/rihjt-blue.png
  artifactKey: Guid(43fdf98e05818694b89e681a62be004a) Importer(815301076,1909f56bfc062723c751e8b465ee728b)
Start importing Assets/UI button pack 2/Blue/rihjt-blue.png using Guid(43fdf98e05818694b89e681a62be004a) Importer(815301076,1909f56bfc062723c751e8b465ee728b)  -> (artifact id: '455f5f4663a8a20b977964542a125710') in 0.013620 seconds
Number of updated asset objects reloaded before import = 0
Number of asset objects unloaded after import = 3
========================================================================
Received Import Request.
  Time since last request: 0.000011 seconds.
  path: Assets/UI button pack 2/Blue/line-4.png
  artifactKey: Guid(cfc0f088c7396714c89a8b76a75e3dfa) Importer(815301076,1909f56bfc062723c751e8b465ee728b)
Start importing Assets/UI button pack 2/Blue/line-4.png using Guid(cfc0f088c7396714c89a8b76a75e3dfa) Importer(815301076,1909f56bfc062723c751e8b465ee728b)  -> (artifact id: '5a73b8e6031ea7f23001886b4ce83afd') in 0.012917 seconds
Number of updated asset objects reloaded before import = 0
Number of asset objects unloaded after import = 3
========================================================================
Received Import Request.
  Time since last request: 0.000016 seconds.
  path: Assets/UI button pack 2/Blue/sound-off-b.png
  artifactKey: Guid(36394b35ba223a9478cd233e66680bcd) Importer(815301076,1909f56bfc062723c751e8b465ee728b)
Start importing Assets/UI button pack 2/Blue/sound-off-b.png using Guid(36394b35ba223a9478cd233e66680bcd) Importer(815301076,1909f56bfc062723c751e8b465ee728b)  -> (artifact id: '96f471ea588c2677da5b9a8f6638dd5d') in 0.012967 seconds
Number of updated asset objects reloaded before import = 0
Number of asset objects unloaded after import = 3
========================================================================
Received Import Request.
  Time since last request: 0.000014 seconds.
  path: Assets/UI button pack 2/Blue/down-blue.png
  artifactKey: Guid(50934a752b75d344e8d9d0a123982ffa) Importer(815301076,1909f56bfc062723c751e8b465ee728b)
Start importing Assets/UI button pack 2/Blue/down-blue.png using Guid(50934a752b75d344e8d9d0a123982ffa) Importer(815301076,1909f56bfc062723c751e8b465ee728b)  -> (artifact id: '3f17e0fd07a28724facaeed66648fcc2') in 0.013149 seconds
Number of updated asset objects reloaded before import = 0
Number of asset objects unloaded after import = 3
========================================================================
Received Import Request.
  Time since last request: 0.000012 seconds.
  path: Assets/UI button pack 2/Blue/1024-256-right-edge-blue.png
  artifactKey: Guid(860c888a63f10404d895031b50dd482c) Importer(815301076,1909f56bfc062723c751e8b465ee728b)
Start importing Assets/UI button pack 2/Blue/1024-256-right-edge-blue.png using Guid(860c888a63f10404d895031b50dd482c) Importer(815301076,1909f56bfc062723c751e8b465ee728b)  -> (artifact id: '68690732c16d59cc39c8bdd9574a3292') in 0.011723 seconds
Number of updated asset objects reloaded before import = 0
Number of asset objects unloaded after import = 3
========================================================================
Received Import Request.
  Time since last request: 0.000013 seconds.
  path: Assets/UI button pack 2/Blue/rety--blue.png
  artifactKey: Guid(cd7eb30e31c817144996a3db02953b8a) Importer(815301076,1909f56bfc062723c751e8b465ee728b)
Start importing Assets/UI button pack 2/Blue/rety--blue.png using Guid(cd7eb30e31c817144996a3db02953b8a) Importer(815301076,1909f56bfc062723c751e8b465ee728b)  -> (artifact id: '9f2a5dd47f54476ac706d411d21ecbc0') in 0.012106 seconds
Number of updated asset objects reloaded before import = 0
Number of asset objects unloaded after import = 3
========================================================================
Received Import Request.
  Time since last request: 0.000013 seconds.
  path: Assets/UI button pack 2/Blue/CHAT-BLUE.png
  artifactKey: Guid(8504779166f4e6a459b70723e6109d90) Importer(815301076,1909f56bfc062723c751e8b465ee728b)
Start importing Assets/UI button pack 2/Blue/CHAT-BLUE.png using Guid(8504779166f4e6a459b70723e6109d90) Importer(815301076,1909f56bfc062723c751e8b465ee728b)  -> (artifact id: 'c15e6eabb5540c1d92e8882eb2bfe7a6') in 0.012422 seconds
Number of updated asset objects reloaded before import = 0
Number of asset objects unloaded after import = 3
========================================================================
Received Import Request.
  Time since last request: 0.000016 seconds.
  path: Assets/UI button pack 2/Blue/2right-B.png
  artifactKey: Guid(16b795817773c514ea65579cf854c9ca) Importer(815301076,1909f56bfc062723c751e8b465ee728b)
Start importing Assets/UI button pack 2/Blue/2right-B.png using Guid(16b795817773c514ea65579cf854c9ca) Importer(815301076,1909f56bfc062723c751e8b465ee728b)  -> (artifact id: '793c3de23d641bafa1152d777f0e4d12') in 0.013736 seconds
Number of updated asset objects reloaded before import = 0
Number of asset objects unloaded after import = 3
========================================================================
Received Import Request.
  Time since last request: 0.000014 seconds.
  path: Assets/UI button pack 2/Blue/menu-blue.png
  artifactKey: Guid(35354fb2aeab20948accb3f8bcc93b14) Importer(815301076,1909f56bfc062723c751e8b465ee728b)
Start importing Assets/UI button pack 2/Blue/menu-blue.png using Guid(35354fb2aeab20948accb3f8bcc93b14) Importer(815301076,1909f56bfc062723c751e8b465ee728b)  -> (artifact id: 'd1721d85746ea764d88c3afb43e874ee') in 0.012750 seconds
Number of updated asset objects reloaded before import = 0
Number of asset objects unloaded after import = 3
========================================================================
Received Import Request.
  Time since last request: 0.000012 seconds.
  path: Assets/UI button pack 2/Blue/share-with-people-blue.png
  artifactKey: Guid(310d2bbab78ecb54995d4d8f202a31b0) Importer(815301076,1909f56bfc062723c751e8b465ee728b)
Start importing Assets/UI button pack 2/Blue/share-with-people-blue.png using Guid(310d2bbab78ecb54995d4d8f202a31b0) Importer(815301076,1909f56bfc062723c751e8b465ee728b)  -> (artifact id: '9a5affaca4019bb5430d638fc94c9602') in 0.013576 seconds
Number of updated asset objects reloaded before import = 0
Number of asset objects unloaded after import = 3
========================================================================
Received Import Request.
  Time since last request: 0.000012 seconds.
  path: Assets/UI button pack 2/Blue/2-up-blue.png
  artifactKey: Guid(a2a0cac535ae81c42a79dba50a734161) Importer(815301076,1909f56bfc062723c751e8b465ee728b)
Start importing Assets/UI button pack 2/Blue/2-up-blue.png using Guid(a2a0cac535ae81c42a79dba50a734161) Importer(815301076,1909f56bfc062723c751e8b465ee728b)  -> (artifact id: 'd053eec8878c9ebdee7d927f92ffa82e') in 0.013018 seconds
Number of updated asset objects reloaded before import = 0
Number of asset objects unloaded after import = 3
========================================================================
Received Import Request.
  Time since last request: 0.000019 seconds.
  path: Assets/UI button pack 2/Blue/achivement-blue.png
  artifactKey: Guid(89783f2a1d6de8846b5d023ec5e3eb7f) Importer(815301076,1909f56bfc062723c751e8b465ee728b)
Start importing Assets/UI button pack 2/Blue/achivement-blue.png using Guid(89783f2a1d6de8846b5d023ec5e3eb7f) Importer(815301076,1909f56bfc062723c751e8b465ee728b)  -> (artifact id: 'b3f0fdf2dd9a11692ce322ce150369a4') in 0.014326 seconds
Number of updated asset objects reloaded before import = 0
Number of asset objects unloaded after import = 3
========================================================================
Received Import Request.
  Time since last request: 0.000033 seconds.
  path: Assets/UI button pack 2/Blue/lock-blue.png
  artifactKey: Guid(e4c01419a06777540909b0b5dd83f0d6) Importer(815301076,1909f56bfc062723c751e8b465ee728b)
Start importing Assets/UI button pack 2/Blue/lock-blue.png using Guid(e4c01419a06777540909b0b5dd83f0d6) Importer(815301076,1909f56bfc062723c751e8b465ee728b)  -> (artifact id: '31bad2af49a02ffaba0f7a946fbff5fc') in 0.011291 seconds
Number of updated asset objects reloaded before import = 0
Number of asset objects unloaded after import = 3
========================================================================
Received Import Request.
  Time since last request: 18.543056 seconds.
  path: Assets/UI button pack 2/Blue/zoom-out-blue.png
  artifactKey: Guid(177423671596a794387c6cb06488d764) Importer(815301076,1909f56bfc062723c751e8b465ee728b)
Start importing Assets/UI button pack 2/Blue/zoom-out-blue.png using Guid(177423671596a794387c6cb06488d764) Importer(815301076,1909f56bfc062723c751e8b465ee728b)  -> (artifact id: 'f46d4733ff33b757e24fddca6de48914') in 0.156958 seconds
Number of updated asset objects reloaded before import = 0
Number of asset objects unloaded after import = 3
Editor requested this worker to shutdown with reason: Scaling down because of idle timeout
TcpMessagingSession - receive error: operation aborted. errorcode: 995, details: Der E/A-Vorgang wurde wegen eines Threadendes oder einer Anwendungsanforderung abgebrochen.
AssetImportWorker is now disconnected from the server
Process exiting
Exiting without the bug reporter. Application will terminate with return code 0